[2024-06-28T18:34:24.370+0000] {local_task_job_runner.py:120} INFO - ::group::Pre task execution logs
[2024-06-28T18:34:24.391+0000] {taskinstance.py:2076} INFO - Dependencies all met for dep_context=non-requeueable deps ti=<TaskInstance: NYC_Taxi_pipeline.data_delivery manual__2024-06-28T18:34:11.808775+00:00 [queued]>
[2024-06-28T18:34:24.399+0000] {taskinstance.py:2076} INFO - Dependencies all met for dep_context=requeueable deps ti=<TaskInstance: NYC_Taxi_pipeline.data_delivery manual__2024-06-28T18:34:11.808775+00:00 [queued]>
[2024-06-28T18:34:24.399+0000] {taskinstance.py:2306} INFO - Starting attempt 1 of 1
[2024-06-28T18:34:24.411+0000] {taskinstance.py:2330} INFO - Executing <Task(PythonOperator): data_delivery> on 2024-06-28 18:34:11.808775+00:00
[2024-06-28T18:34:24.417+0000] {standard_task_runner.py:63} INFO - Started process 257 to run task
[2024-06-28T18:34:24.420+0000] {standard_task_runner.py:90} INFO - Running: ['***', 'tasks', 'run', 'NYC_Taxi_pipeline', 'data_delivery', 'manual__2024-06-28T18:34:11.808775+00:00', '--job-id', '95', '--raw', '--subdir', 'DAGS_FOLDER/NYC_Taxi_pipeline.py', '--cfg-path', '/tmp/tmp_hhs7gkg']
[2024-06-28T18:34:24.423+0000] {standard_task_runner.py:91} INFO - Job 95: Subtask data_delivery
[2024-06-28T18:34:24.463+0000] {task_command.py:426} INFO - Running <TaskInstance: NYC_Taxi_pipeline.data_delivery manual__2024-06-28T18:34:11.808775+00:00 [running]> on host 79a59ce16f65
[2024-06-28T18:34:24.694+0000] {taskinstance.py:2648} INFO - Exporting env vars: AIRFLOW_CTX_DAG_OWNER='Mahmoud' AIRFLOW_CTX_DAG_ID='NYC_Taxi_pipeline' AIRFLOW_CTX_TASK_ID='data_delivery' AIRFLOW_CTX_EXECUTION_DATE='2024-06-28T18:34:11.808775+00:00' AIRFLOW_CTX_TRY_NUMBER='1' AIRFLOW_CTX_DAG_RUN_ID='manual__2024-06-28T18:34:11.808775+00:00'
[2024-06-28T18:34:24.694+0000] {taskinstance.py:430} INFO - ::endgroup::
[2024-06-28T18:34:24.703+0000] {NYC_Taxi_pipeline.py:54} INFO - data_delivery started
[2024-06-28T18:34:24.703+0000] {Load_Data.py:20} INFO - Loading location Dimension ...
[2024-06-28T18:34:24.711+0000] {db_utils.py:21} INFO - Connected to PostgreSQL database successfully
[2024-06-28T18:34:24.714+0000] {Load_Data.py:37} INFO - Existing records columns: ['locationid', 'borough', 'zone', 'service_zone', 'start_date', 'end_date', 'active_flag', 'version']
[2024-06-28T18:34:24.715+0000] {Load_Data.py:91} INFO - Error loading location dimension: 'LocationID'
[2024-06-28T18:34:24.715+0000] {Load_Data.py:95} INFO - loading DimRate Dimension ...
[2024-06-28T18:34:24.717+0000] {Table_creation.py:30} INFO - Loading data into table DimRate...
[2024-06-28T18:34:24.720+0000] {db_utils.py:21} INFO - Connected to PostgreSQL database successfully
[2024-06-28T18:34:24.726+0000] {Table_creation.py:45} INFO - Data loaded successfully into table DimRate With 6 Row
[2024-06-28T18:34:24.726+0000] {db_utils.py:30} INFO - PostgreSQL connection is closed
[2024-06-28T18:34:24.726+0000] {Load_Data.py:98} INFO - DimRate_df dimension loaded successfully
[2024-06-28T18:34:24.726+0000] {Load_Data.py:113} INFO - loading payment dimension....
[2024-06-28T18:34:24.729+0000] {Table_creation.py:30} INFO - Loading data into table DimPayment...
[2024-06-28T18:34:24.731+0000] {db_utils.py:21} INFO - Connected to PostgreSQL database successfully
[2024-06-28T18:34:24.737+0000] {Table_creation.py:45} INFO - Data loaded successfully into table DimPayment With 6 Row
[2024-06-28T18:34:24.737+0000] {db_utils.py:30} INFO - PostgreSQL connection is closed
[2024-06-28T18:34:24.737+0000] {Load_Data.py:116} INFO - payment_df dimension loaded successfully
[2024-06-28T18:34:24.738+0000] {Load_Data.py:11} INFO - loading Dimvendor Dimension ...
[2024-06-28T18:34:24.740+0000] {Table_creation.py:30} INFO - Loading data into table DimVendor...
[2024-06-28T18:34:24.742+0000] {db_utils.py:21} INFO - Connected to PostgreSQL database successfully
[2024-06-28T18:34:24.747+0000] {Table_creation.py:45} INFO - Data loaded successfully into table DimVendor With 2 Row
[2024-06-28T18:34:24.747+0000] {db_utils.py:30} INFO - PostgreSQL connection is closed
[2024-06-28T18:34:24.747+0000] {Load_Data.py:14} INFO - Dimvedor_df dimension loaded successfully
[2024-06-28T18:34:24.747+0000] {Load_Data.py:104} INFO - loading trip_type dimension....
[2024-06-28T18:34:24.749+0000] {Table_creation.py:30} INFO - Loading data into table DimTrip_type...
[2024-06-28T18:34:24.752+0000] {db_utils.py:21} INFO - Connected to PostgreSQL database successfully
[2024-06-28T18:34:24.756+0000] {Table_creation.py:45} INFO - Data loaded successfully into table DimTrip_type With 2 Row
[2024-06-28T18:34:24.756+0000] {db_utils.py:30} INFO - PostgreSQL connection is closed
[2024-06-28T18:34:24.756+0000] {Load_Data.py:107} INFO - trip_df dimension loaded successfully
[2024-06-28T18:34:24.756+0000] {Load_Data.py:122} INFO - loading fact table ....
[2024-06-28T18:34:28.525+0000] {Table_creation.py:30} INFO - Loading data into table Fact_Trip...
[2024-06-28T18:34:28.529+0000] {db_utils.py:21} INFO - Connected to PostgreSQL database successfully
[2024-06-28T18:37:24.027+0000] {Table_creation.py:45} INFO - Data loaded successfully into table Fact_Trip With 618792 Row
[2024-06-28T18:37:24.027+0000] {db_utils.py:30} INFO - PostgreSQL connection is closed
[2024-06-28T18:37:29.146+0000] {Load_Data.py:144} INFO - Fact_df  loaded successfully
[2024-06-28T18:37:29.175+0000] {NYC_Taxi_pipeline.py:61} INFO - data_delivery done
[2024-06-28T18:37:29.176+0000] {python.py:237} INFO - Done. Returned value was: None
[2024-06-28T18:37:29.176+0000] {taskinstance.py:441} INFO - ::group::Post task execution logs
[2024-06-28T18:37:29.185+0000] {taskinstance.py:1206} INFO - Marking task as SUCCESS. dag_id=NYC_Taxi_pipeline, task_id=data_delivery, run_id=manual__2024-06-28T18:34:11.808775+00:00, execution_date=20240628T183411, start_date=20240628T183424, end_date=20240628T183729
[2024-06-28T18:37:29.237+0000] {local_task_job_runner.py:240} INFO - Task exited with return code 0
[2024-06-28T18:37:29.251+0000] {taskinstance.py:3498} INFO - 0 downstream tasks scheduled from follow-on schedule check
[2024-06-28T18:37:29.253+0000] {local_task_job_runner.py:222} INFO - ::endgroup::
