[2024-06-28T23:09:16.514+0000] {local_task_job_runner.py:120} INFO - ::group::Pre task execution logs
[2024-06-28T23:09:16.535+0000] {taskinstance.py:2076} INFO - Dependencies all met for dep_context=non-requeueable deps ti=<TaskInstance: NYC_Taxi_pipeline.data_delivery manual__2024-06-28T23:09:12.688450+00:00 [queued]>
[2024-06-28T23:09:16.546+0000] {taskinstance.py:2076} INFO - Dependencies all met for dep_context=requeueable deps ti=<TaskInstance: NYC_Taxi_pipeline.data_delivery manual__2024-06-28T23:09:12.688450+00:00 [queued]>
[2024-06-28T23:09:16.546+0000] {taskinstance.py:2306} INFO - Starting attempt 1 of 1
[2024-06-28T23:09:16.560+0000] {taskinstance.py:2330} INFO - Executing <Task(PythonOperator): data_delivery> on 2024-06-28 23:09:12.688450+00:00
[2024-06-28T23:09:16.567+0000] {standard_task_runner.py:63} INFO - Started process 529 to run task
[2024-06-28T23:09:16.569+0000] {standard_task_runner.py:90} INFO - Running: ['***', 'tasks', 'run', 'NYC_Taxi_pipeline', 'data_delivery', 'manual__2024-06-28T23:09:12.688450+00:00', '--job-id', '185', '--raw', '--subdir', 'DAGS_FOLDER/NYC_Taxi_pipeline.py', '--cfg-path', '/tmp/tmpp0jmvbtx']
[2024-06-28T23:09:16.572+0000] {standard_task_runner.py:91} INFO - Job 185: Subtask data_delivery
[2024-06-28T23:09:16.615+0000] {task_command.py:426} INFO - Running <TaskInstance: NYC_Taxi_pipeline.data_delivery manual__2024-06-28T23:09:12.688450+00:00 [running]> on host 79a59ce16f65
[2024-06-28T23:09:16.853+0000] {taskinstance.py:2648} INFO - Exporting env vars: AIRFLOW_CTX_DAG_OWNER='Mahmoud' AIRFLOW_CTX_DAG_ID='NYC_Taxi_pipeline' AIRFLOW_CTX_TASK_ID='data_delivery' AIRFLOW_CTX_EXECUTION_DATE='2024-06-28T23:09:12.688450+00:00' AIRFLOW_CTX_TRY_NUMBER='1' AIRFLOW_CTX_DAG_RUN_ID='manual__2024-06-28T23:09:12.688450+00:00'
[2024-06-28T23:09:16.854+0000] {taskinstance.py:430} INFO - ::endgroup::
[2024-06-28T23:09:16.864+0000] {NYC_Taxi_pipeline.py:54} INFO - data_delivery started
[2024-06-28T23:09:16.864+0000] {Load_Data.py:20} INFO - Loading location Dimension ...
[2024-06-28T23:09:16.871+0000] {db_utils.py:21} INFO - Connected to PostgreSQL database successfully
[2024-06-28T23:09:16.874+0000] {Load_Data.py:36} INFO - Existing records columns: ['locationid', 'borough', 'zone', 'service_zone', 'start_date', 'end_date', 'active_flag', 'version']
[2024-06-28T23:09:16.877+0000] {db_utils.py:37} INFO - Query executed successfully for table DimLocation
[2024-06-28T23:09:16.877+0000] {Load_Data.py:62} INFO - Updated row
[2024-06-28T23:09:16.880+0000] {db_utils.py:37} INFO - Query executed successfully for table DimLocation
[2024-06-28T23:09:16.881+0000] {Load_Data.py:62} INFO - Updated row
[2024-06-28T23:09:17.007+0000] {db_utils.py:37} INFO - Query executed successfully for table DimLocation
[2024-06-28T23:09:17.008+0000] {Load_Data.py:62} INFO - Updated row
[2024-06-28T23:09:17.010+0000] {db_utils.py:37} INFO - Query executed successfully for table DimLocation
[2024-06-28T23:09:17.010+0000] {Load_Data.py:62} INFO - Updated row
[2024-06-28T23:09:17.010+0000] {db_utils.py:30} INFO - PostgreSQL connection is closed
[2024-06-28T23:09:17.011+0000] {Table_creation.py:51} INFO - Loading data into table DimLocation...
[2024-06-28T23:09:17.014+0000] {db_utils.py:21} INFO - Connected to PostgreSQL database successfully
[2024-06-28T23:09:17.015+0000] {Table_creation.py:64} INFO - insert new row to dimlocation
[2024-06-28T23:09:17.016+0000] {Table_creation.py:64} INFO - insert new row to dimlocation
[2024-06-28T23:09:17.016+0000] {Table_creation.py:64} INFO - insert new row to dimlocation
[2024-06-28T23:09:17.017+0000] {Table_creation.py:64} INFO - insert new row to dimlocation
[2024-06-28T23:09:17.017+0000] {Table_creation.py:66} INFO - Data loaded successfully into table DimLocation With 4 Row
[2024-06-28T23:09:17.017+0000] {db_utils.py:30} INFO - PostgreSQL connection is closed
[2024-06-28T23:09:17.018+0000] {Load_Data.py:93} INFO - DimLocation dimension loaded successfully
[2024-06-28T23:09:17.018+0000] {db_utils.py:30} INFO - PostgreSQL connection is closed
[2024-06-28T23:09:17.018+0000] {Load_Data.py:101} INFO - loading DimRate Dimension ...
[2024-06-28T23:09:17.020+0000] {Table_creation.py:30} INFO - Loading data into table DimRate...
[2024-06-28T23:09:17.022+0000] {db_utils.py:21} INFO - Connected to PostgreSQL database successfully
[2024-06-28T23:09:17.028+0000] {Table_creation.py:45} INFO - Data loaded successfully into table DimRate With 6 Row
[2024-06-28T23:09:17.029+0000] {db_utils.py:30} INFO - PostgreSQL connection is closed
[2024-06-28T23:09:17.029+0000] {Load_Data.py:104} INFO - DimRate_df dimension loaded successfully
[2024-06-28T23:09:17.029+0000] {Load_Data.py:119} INFO - loading payment dimension....
[2024-06-28T23:09:17.031+0000] {Table_creation.py:30} INFO - Loading data into table DimPayment...
[2024-06-28T23:09:17.033+0000] {db_utils.py:21} INFO - Connected to PostgreSQL database successfully
[2024-06-28T23:09:17.039+0000] {Table_creation.py:45} INFO - Data loaded successfully into table DimPayment With 6 Row
[2024-06-28T23:09:17.039+0000] {db_utils.py:30} INFO - PostgreSQL connection is closed
[2024-06-28T23:09:17.040+0000] {Load_Data.py:122} INFO - payment_df dimension loaded successfully
[2024-06-28T23:09:17.040+0000] {Load_Data.py:11} INFO - loading Dimvendor Dimension ...
[2024-06-28T23:09:17.042+0000] {Table_creation.py:30} INFO - Loading data into table DimVendor...
[2024-06-28T23:09:17.044+0000] {db_utils.py:21} INFO - Connected to PostgreSQL database successfully
[2024-06-28T23:09:17.049+0000] {Table_creation.py:45} INFO - Data loaded successfully into table DimVendor With 2 Row
[2024-06-28T23:09:17.049+0000] {db_utils.py:30} INFO - PostgreSQL connection is closed
[2024-06-28T23:09:17.049+0000] {Load_Data.py:14} INFO - Dimvedor_df dimension loaded successfully
[2024-06-28T23:09:17.050+0000] {Load_Data.py:110} INFO - loading trip_type dimension....
[2024-06-28T23:09:17.051+0000] {Table_creation.py:30} INFO - Loading data into table DimTrip_type...
[2024-06-28T23:09:17.054+0000] {db_utils.py:21} INFO - Connected to PostgreSQL database successfully
[2024-06-28T23:09:17.058+0000] {Table_creation.py:45} INFO - Data loaded successfully into table DimTrip_type With 2 Row
[2024-06-28T23:09:17.058+0000] {db_utils.py:30} INFO - PostgreSQL connection is closed
[2024-06-28T23:09:17.058+0000] {Load_Data.py:113} INFO - trip_df dimension loaded successfully
[2024-06-28T23:09:17.059+0000] {Load_Data.py:128} INFO - loading fact table ....
[2024-06-28T23:09:20.512+0000] {Table_creation.py:30} INFO - Loading data into table Fact_Trip...
[2024-06-28T23:09:20.516+0000] {db_utils.py:21} INFO - Connected to PostgreSQL database successfully
[2024-06-28T23:12:41.406+0000] {Table_creation.py:45} INFO - Data loaded successfully into table Fact_Trip With 618792 Row
[2024-06-28T23:12:41.407+0000] {db_utils.py:30} INFO - PostgreSQL connection is closed
[2024-06-28T23:12:47.763+0000] {Load_Data.py:150} INFO - Fact_df  loaded successfully
[2024-06-28T23:12:47.799+0000] {NYC_Taxi_pipeline.py:61} INFO - data_delivery done
[2024-06-28T23:12:47.799+0000] {python.py:237} INFO - Done. Returned value was: None
[2024-06-28T23:12:47.800+0000] {taskinstance.py:441} INFO - ::group::Post task execution logs
[2024-06-28T23:12:47.809+0000] {taskinstance.py:1206} INFO - Marking task as SUCCESS. dag_id=NYC_Taxi_pipeline, task_id=data_delivery, run_id=manual__2024-06-28T23:09:12.688450+00:00, execution_date=20240628T230912, start_date=20240628T230916, end_date=20240628T231247
[2024-06-28T23:12:47.858+0000] {local_task_job_runner.py:240} INFO - Task exited with return code 0
[2024-06-28T23:12:47.875+0000] {taskinstance.py:3498} INFO - 0 downstream tasks scheduled from follow-on schedule check
[2024-06-28T23:12:47.877+0000] {local_task_job_runner.py:222} INFO - ::endgroup::
