[2024-06-14T09:16:47.322+0000] {local_task_job_runner.py:120} INFO - ::group::Pre task execution logs
[2024-06-14T09:16:47.342+0000] {taskinstance.py:2076} INFO - Dependencies all met for dep_context=non-requeueable deps ti=<TaskInstance: NYC_Taxi_pipeline.data_delivery manual__2024-06-14T09:15:01.097847+00:00 [queued]>
[2024-06-14T09:16:47.351+0000] {taskinstance.py:2076} INFO - Dependencies all met for dep_context=requeueable deps ti=<TaskInstance: NYC_Taxi_pipeline.data_delivery manual__2024-06-14T09:15:01.097847+00:00 [queued]>
[2024-06-14T09:16:47.352+0000] {taskinstance.py:2306} INFO - Starting attempt 1 of 1
[2024-06-14T09:16:47.363+0000] {taskinstance.py:2330} INFO - Executing <Task(PythonOperator): data_delivery> on 2024-06-14 09:15:01.097847+00:00
[2024-06-14T09:16:47.369+0000] {standard_task_runner.py:63} INFO - Started process 93 to run task
[2024-06-14T09:16:47.372+0000] {standard_task_runner.py:90} INFO - Running: ['***', 'tasks', 'run', 'NYC_Taxi_pipeline', 'data_delivery', 'manual__2024-06-14T09:15:01.097847+00:00', '--job-id', '19', '--raw', '--subdir', 'DAGS_FOLDER/NYC_Taxi_pipeline.py', '--cfg-path', '/tmp/tmpdxe2axh4']
[2024-06-14T09:16:47.374+0000] {standard_task_runner.py:91} INFO - Job 19: Subtask data_delivery
[2024-06-14T09:16:47.414+0000] {task_command.py:426} INFO - Running <TaskInstance: NYC_Taxi_pipeline.data_delivery manual__2024-06-14T09:15:01.097847+00:00 [running]> on host 762c91fd0326
[2024-06-14T09:16:47.679+0000] {taskinstance.py:2648} INFO - Exporting env vars: AIRFLOW_CTX_DAG_OWNER='Mahmoud' AIRFLOW_CTX_DAG_ID='NYC_Taxi_pipeline' AIRFLOW_CTX_TASK_ID='data_delivery' AIRFLOW_CTX_EXECUTION_DATE='2024-06-14T09:15:01.097847+00:00' AIRFLOW_CTX_TRY_NUMBER='1' AIRFLOW_CTX_DAG_RUN_ID='manual__2024-06-14T09:15:01.097847+00:00'
[2024-06-14T09:16:47.680+0000] {taskinstance.py:430} INFO - ::endgroup::
[2024-06-14T09:16:47.689+0000] {NYC_Taxi_pipeline.py:54} INFO - data_delivery started
[2024-06-14T09:16:47.689+0000] {Load_Data.py:19} INFO - loading location Dimension ...
[2024-06-14T09:16:47.693+0000] {Table_creation.py:30} INFO - Loading data into table DimLocation...
[2024-06-14T09:16:47.696+0000] {db_utils.py:21} INFO - Connected to PostgreSQL database successfully
[2024-06-14T09:16:47.750+0000] {Table_creation.py:45} INFO - Data loaded successfully into table DimLocation With 265 Row
[2024-06-14T09:16:47.751+0000] {db_utils.py:30} INFO - PostgreSQL connection is closed
[2024-06-14T09:16:47.751+0000] {Load_Data.py:22} INFO - DimLocation_df dimension loaded successfully
[2024-06-14T09:16:47.751+0000] {Load_Data.py:28} INFO - loading DimRate Dimension ...
[2024-06-14T09:16:47.753+0000] {Table_creation.py:30} INFO - Loading data into table DimRate...
[2024-06-14T09:16:47.755+0000] {db_utils.py:21} INFO - Connected to PostgreSQL database successfully
[2024-06-14T09:16:47.761+0000] {Table_creation.py:45} INFO - Data loaded successfully into table DimRate With 6 Row
[2024-06-14T09:16:47.761+0000] {db_utils.py:30} INFO - PostgreSQL connection is closed
[2024-06-14T09:16:47.761+0000] {Load_Data.py:31} INFO - DimRate_df dimension loaded successfully
[2024-06-14T09:16:47.761+0000] {Load_Data.py:46} INFO - loading payment dimension....
[2024-06-14T09:16:47.763+0000] {Table_creation.py:30} INFO - Loading data into table DimPayment...
[2024-06-14T09:16:47.766+0000] {db_utils.py:21} INFO - Connected to PostgreSQL database successfully
[2024-06-14T09:16:47.772+0000] {Table_creation.py:45} INFO - Data loaded successfully into table DimPayment With 6 Row
[2024-06-14T09:16:47.773+0000] {db_utils.py:30} INFO - PostgreSQL connection is closed
[2024-06-14T09:16:47.773+0000] {Load_Data.py:49} INFO - payment_df dimension loaded successfully
[2024-06-14T09:16:47.773+0000] {Load_Data.py:10} INFO - loading vendor Dimension ...
[2024-06-14T09:16:47.774+0000] {Table_creation.py:30} INFO - Loading data into table DimVendor...
[2024-06-14T09:16:47.777+0000] {db_utils.py:21} INFO - Connected to PostgreSQL database successfully
[2024-06-14T09:16:47.783+0000] {Table_creation.py:45} INFO - Data loaded successfully into table DimVendor With 2 Row
[2024-06-14T09:16:47.784+0000] {db_utils.py:30} INFO - PostgreSQL connection is closed
[2024-06-14T09:16:47.784+0000] {Load_Data.py:13} INFO - vendor_df dimension loaded successfully
[2024-06-14T09:16:47.784+0000] {Load_Data.py:37} INFO - loading trip_type dimension....
[2024-06-14T09:16:47.786+0000] {Table_creation.py:30} INFO - Loading data into table DimTrip_type...
[2024-06-14T09:16:47.789+0000] {db_utils.py:21} INFO - Connected to PostgreSQL database successfully
[2024-06-14T09:16:47.795+0000] {Table_creation.py:45} INFO - Data loaded successfully into table DimTrip_type With 2 Row
[2024-06-14T09:16:47.795+0000] {db_utils.py:30} INFO - PostgreSQL connection is closed
[2024-06-14T09:16:47.795+0000] {Load_Data.py:40} INFO - trip_df dimension loaded successfully
[2024-06-14T09:16:47.795+0000] {Load_Data.py:55} INFO - loading fact table ....
[2024-06-14T09:17:23.690+0000] {Table_creation.py:30} INFO - Loading data into table Fact_Trip...
[2024-06-14T09:17:23.694+0000] {db_utils.py:21} INFO - Connected to PostgreSQL database successfully
[2024-06-14T09:43:01.901+0000] {local_task_job_runner.py:310} WARNING - State of this instance has been externally set to success. Terminating instance.
[2024-06-14T09:43:01.902+0000] {local_task_job_runner.py:222} INFO - ::endgroup::
[2024-06-14T09:43:01.904+0000] {process_utils.py:132} INFO - Sending 15 to group 93. PIDs of all processes in the group: [93]
[2024-06-14T09:43:01.904+0000] {process_utils.py:87} INFO - Sending the signal 15 to group 93
[2024-06-14T09:43:01.905+0000] {taskinstance.py:2611} ERROR - Received SIGTERM. Terminating subprocesses.
[2024-06-14T09:43:01.928+0000] {taskinstance.py:441} INFO - ::group::Post task execution logs
[2024-06-14T09:43:03.654+0000] {process_utils.py:80} INFO - Process psutil.Process(pid=93, status='terminated', exitcode=0, started='09:16:46') (93) terminated with exit code 0
