[2024-06-28T19:07:51.987+0000] {local_task_job_runner.py:120} INFO - ::group::Pre task execution logs
[2024-06-28T19:07:52.008+0000] {taskinstance.py:2076} INFO - Dependencies all met for dep_context=non-requeueable deps ti=<TaskInstance: NYC_Taxi_pipeline.data_delivery manual__2024-06-28T19:07:41.241441+00:00 [queued]>
[2024-06-28T19:07:52.016+0000] {taskinstance.py:2076} INFO - Dependencies all met for dep_context=requeueable deps ti=<TaskInstance: NYC_Taxi_pipeline.data_delivery manual__2024-06-28T19:07:41.241441+00:00 [queued]>
[2024-06-28T19:07:52.017+0000] {taskinstance.py:2306} INFO - Starting attempt 1 of 1
[2024-06-28T19:07:52.028+0000] {taskinstance.py:2330} INFO - Executing <Task(PythonOperator): data_delivery> on 2024-06-28 19:07:41.241441+00:00
[2024-06-28T19:07:52.035+0000] {standard_task_runner.py:63} INFO - Started process 302 to run task
[2024-06-28T19:07:52.037+0000] {standard_task_runner.py:90} INFO - Running: ['***', 'tasks', 'run', 'NYC_Taxi_pipeline', 'data_delivery', 'manual__2024-06-28T19:07:41.241441+00:00', '--job-id', '110', '--raw', '--subdir', 'DAGS_FOLDER/NYC_Taxi_pipeline.py', '--cfg-path', '/tmp/tmpgl6ri8yi']
[2024-06-28T19:07:52.040+0000] {standard_task_runner.py:91} INFO - Job 110: Subtask data_delivery
[2024-06-28T19:07:52.082+0000] {task_command.py:426} INFO - Running <TaskInstance: NYC_Taxi_pipeline.data_delivery manual__2024-06-28T19:07:41.241441+00:00 [running]> on host 79a59ce16f65
[2024-06-28T19:07:52.315+0000] {taskinstance.py:2648} INFO - Exporting env vars: AIRFLOW_CTX_DAG_OWNER='Mahmoud' AIRFLOW_CTX_DAG_ID='NYC_Taxi_pipeline' AIRFLOW_CTX_TASK_ID='data_delivery' AIRFLOW_CTX_EXECUTION_DATE='2024-06-28T19:07:41.241441+00:00' AIRFLOW_CTX_TRY_NUMBER='1' AIRFLOW_CTX_DAG_RUN_ID='manual__2024-06-28T19:07:41.241441+00:00'
[2024-06-28T19:07:52.316+0000] {taskinstance.py:430} INFO - ::endgroup::
[2024-06-28T19:07:52.325+0000] {NYC_Taxi_pipeline.py:54} INFO - data_delivery started
[2024-06-28T19:07:52.326+0000] {Load_Data.py:20} INFO - Loading location Dimension ...
[2024-06-28T19:07:52.332+0000] {db_utils.py:21} INFO - Connected to PostgreSQL database successfully
[2024-06-28T19:07:52.470+0000] {Table_creation.py:30} INFO - Loading data into table DimLocation...
[2024-06-28T19:07:52.472+0000] {db_utils.py:21} INFO - Connected to PostgreSQL database successfully
[2024-06-28T19:12:55.060+0000] {local_task_job_runner.py:310} WARNING - State of this instance has been externally set to failed. Terminating instance.
[2024-06-28T19:12:55.061+0000] {local_task_job_runner.py:222} INFO - ::endgroup::
[2024-06-28T19:12:55.063+0000] {process_utils.py:132} INFO - Sending 15 to group 302. PIDs of all processes in the group: [302]
[2024-06-28T19:12:55.063+0000] {process_utils.py:87} INFO - Sending the signal 15 to group 302
[2024-06-28T19:13:55.098+0000] {process_utils.py:150} WARNING - process psutil.Process(pid=302, name='airflow task ru', status='sleeping', started='19:07:51') did not respond to SIGTERM. Trying SIGKILL
[2024-06-28T19:13:55.100+0000] {process_utils.py:87} INFO - Sending the signal 9 to group 302
[2024-06-28T19:13:55.115+0000] {process_utils.py:80} INFO - Process psutil.Process(pid=302, name='airflow task ru', status='terminated', exitcode=<Negsignal.SIGKILL: -9>, started='19:07:51') (302) terminated with exit code -9
[2024-06-28T19:13:55.115+0000] {standard_task_runner.py:178} ERROR - Job 110 was killed before it finished (likely due to running out of memory)
