[2024-06-28T17:50:08.173+0000] {local_task_job_runner.py:120} INFO - ::group::Pre task execution logs
[2024-06-28T17:50:08.198+0000] {taskinstance.py:2076} INFO - Dependencies all met for dep_context=non-requeueable deps ti=<TaskInstance: NYC_Taxi_pipeline.data_extraction manual__2024-06-28T17:50:04.833310+00:00 [queued]>
[2024-06-28T17:50:08.207+0000] {taskinstance.py:2076} INFO - Dependencies all met for dep_context=requeueable deps ti=<TaskInstance: NYC_Taxi_pipeline.data_extraction manual__2024-06-28T17:50:04.833310+00:00 [queued]>
[2024-06-28T17:50:08.207+0000] {taskinstance.py:2306} INFO - Starting attempt 1 of 1
[2024-06-28T17:50:08.220+0000] {taskinstance.py:2330} INFO - Executing <Task(PythonOperator): data_extraction> on 2024-06-28 17:50:04.833310+00:00
[2024-06-28T17:50:08.228+0000] {standard_task_runner.py:63} INFO - Started process 155 to run task
[2024-06-28T17:50:08.230+0000] {standard_task_runner.py:90} INFO - Running: ['***', 'tasks', 'run', 'NYC_Taxi_pipeline', 'data_extraction', 'manual__2024-06-28T17:50:04.833310+00:00', '--job-id', '61', '--raw', '--subdir', 'DAGS_FOLDER/NYC_Taxi_pipeline.py', '--cfg-path', '/tmp/tmp351e_wog']
[2024-06-28T17:50:08.233+0000] {standard_task_runner.py:91} INFO - Job 61: Subtask data_extraction
[2024-06-28T17:50:08.277+0000] {task_command.py:426} INFO - Running <TaskInstance: NYC_Taxi_pipeline.data_extraction manual__2024-06-28T17:50:04.833310+00:00 [running]> on host 79a59ce16f65
[2024-06-28T17:50:08.532+0000] {taskinstance.py:2648} INFO - Exporting env vars: AIRFLOW_CTX_DAG_OWNER='Mahmoud' AIRFLOW_CTX_DAG_ID='NYC_Taxi_pipeline' AIRFLOW_CTX_TASK_ID='data_extraction' AIRFLOW_CTX_EXECUTION_DATE='2024-06-28T17:50:04.833310+00:00' AIRFLOW_CTX_TRY_NUMBER='1' AIRFLOW_CTX_DAG_RUN_ID='manual__2024-06-28T17:50:04.833310+00:00'
[2024-06-28T17:50:08.533+0000] {taskinstance.py:430} INFO - ::endgroup::
[2024-06-28T17:50:08.544+0000] {NYC_Taxi_pipeline.py:45} INFO - data_extraction started
[2024-06-28T17:50:08.544+0000] {Transfrom_data.py:8} INFO - start for transforming data ......
[2024-06-28T17:50:10.370+0000] {Transfrom_data.py:44} INFO - Storing of rejected_df completed successfully
[2024-06-28T17:50:15.086+0000] {Transfrom_data.py:50} INFO - Storing of valid_df completed successfully
[2024-06-28T17:50:15.086+0000] {Transfrom_data.py:52} INFO - Process of trip data completed successfully
[2024-06-28T17:50:15.137+0000] {NYC_Taxi_pipeline.py:47} INFO - data_extraction done
[2024-06-28T17:50:15.138+0000] {python.py:237} INFO - Done. Returned value was: None
[2024-06-28T17:50:15.138+0000] {taskinstance.py:441} INFO - ::group::Post task execution logs
[2024-06-28T17:50:15.149+0000] {taskinstance.py:1206} INFO - Marking task as SUCCESS. dag_id=NYC_Taxi_pipeline, task_id=data_extraction, run_id=manual__2024-06-28T17:50:04.833310+00:00, execution_date=20240628T175004, start_date=20240628T175008, end_date=20240628T175015
[2024-06-28T17:50:15.214+0000] {local_task_job_runner.py:240} INFO - Task exited with return code 0
[2024-06-28T17:50:15.242+0000] {taskinstance.py:3498} INFO - 1 downstream tasks scheduled from follow-on schedule check
[2024-06-28T17:50:15.244+0000] {local_task_job_runner.py:222} INFO - ::endgroup::
