[2024-06-14T08:20:41.848+0000] {local_task_job_runner.py:120} INFO - ::group::Pre task execution logs
[2024-06-14T08:20:41.869+0000] {taskinstance.py:2076} INFO - Dependencies all met for dep_context=non-requeueable deps ti=<TaskInstance: NYC_Taxi_pipeline.data_extraction manual__2024-06-14T08:20:39.930078+00:00 [queued]>
[2024-06-14T08:20:41.880+0000] {taskinstance.py:2076} INFO - Dependencies all met for dep_context=requeueable deps ti=<TaskInstance: NYC_Taxi_pipeline.data_extraction manual__2024-06-14T08:20:39.930078+00:00 [queued]>
[2024-06-14T08:20:41.880+0000] {taskinstance.py:2306} INFO - Starting attempt 1 of 1
[2024-06-14T08:20:41.892+0000] {taskinstance.py:2330} INFO - Executing <Task(PythonOperator): data_extraction> on 2024-06-14 08:20:39.930078+00:00
[2024-06-14T08:20:41.899+0000] {standard_task_runner.py:63} INFO - Started process 63 to run task
[2024-06-14T08:20:41.902+0000] {standard_task_runner.py:90} INFO - Running: ['***', 'tasks', 'run', 'NYC_Taxi_pipeline', 'data_extraction', 'manual__2024-06-14T08:20:39.930078+00:00', '--job-id', '9', '--raw', '--subdir', 'DAGS_FOLDER/NYC_Taxi_pipeline.py', '--cfg-path', '/tmp/tmpfbdciowg']
[2024-06-14T08:20:41.904+0000] {standard_task_runner.py:91} INFO - Job 9: Subtask data_extraction
[2024-06-14T08:20:41.948+0000] {task_command.py:426} INFO - Running <TaskInstance: NYC_Taxi_pipeline.data_extraction manual__2024-06-14T08:20:39.930078+00:00 [running]> on host 762c91fd0326
[2024-06-14T08:20:42.203+0000] {taskinstance.py:2648} INFO - Exporting env vars: AIRFLOW_CTX_DAG_OWNER='Mahmoud' AIRFLOW_CTX_DAG_ID='NYC_Taxi_pipeline' AIRFLOW_CTX_TASK_ID='data_extraction' AIRFLOW_CTX_EXECUTION_DATE='2024-06-14T08:20:39.930078+00:00' AIRFLOW_CTX_TRY_NUMBER='1' AIRFLOW_CTX_DAG_RUN_ID='manual__2024-06-14T08:20:39.930078+00:00'
[2024-06-14T08:20:42.204+0000] {taskinstance.py:430} INFO - ::endgroup::
[2024-06-14T08:20:42.216+0000] {NYC_Taxi_pipeline.py:45} INFO - data_extraction started
[2024-06-14T08:20:42.217+0000] {Transfrom_data.py:8} INFO - start for transforming data ......
[2024-06-14T08:20:43.174+0000] {warnings.py:109} WARNING - /opt/***/dags/scripts/Transfrom_data.py:14: DtypeWarning: Columns (3) have mixed types. Specify dtype option on import or set low_memory=False.
  df = pd.read_csv(file)

[2024-06-14T08:20:43.974+0000] {warnings.py:109} WARNING - /opt/***/dags/scripts/Transfrom_data.py:14: DtypeWarning: Columns (3) have mixed types. Specify dtype option on import or set low_memory=False.
  df = pd.read_csv(file)

[2024-06-14T08:20:45.273+0000] {warnings.py:109} WARNING - /opt/***/dags/scripts/Transfrom_data.py:14: DtypeWarning: Columns (3) have mixed types. Specify dtype option on import or set low_memory=False.
  df = pd.read_csv(file)

[2024-06-14T08:20:45.753+0000] {warnings.py:109} WARNING - /opt/***/dags/scripts/Transfrom_data.py:14: DtypeWarning: Columns (3) have mixed types. Specify dtype option on import or set low_memory=False.
  df = pd.read_csv(file)

[2024-06-14T08:20:45.982+0000] {warnings.py:109} WARNING - /opt/***/dags/scripts/Transfrom_data.py:14: DtypeWarning: Columns (3) have mixed types. Specify dtype option on import or set low_memory=False.
  df = pd.read_csv(file)

[2024-06-14T08:20:51.150+0000] {warnings.py:109} WARNING - /opt/***/dags/scripts/Transfrom_data.py:14: DtypeWarning: Columns (3) have mixed types. Specify dtype option on import or set low_memory=False.
  df = pd.read_csv(file)

[2024-06-14T08:20:52.420+0000] {warnings.py:109} WARNING - /opt/***/dags/scripts/Transfrom_data.py:14: DtypeWarning: Columns (3) have mixed types. Specify dtype option on import or set low_memory=False.
  df = pd.read_csv(file)

[2024-06-14T08:20:55.166+0000] {warnings.py:109} WARNING - /opt/***/dags/scripts/Transfrom_data.py:14: DtypeWarning: Columns (3) have mixed types. Specify dtype option on import or set low_memory=False.
  df = pd.read_csv(file)

[2024-06-14T08:20:57.012+0000] {warnings.py:109} WARNING - /opt/***/dags/scripts/Transfrom_data.py:14: DtypeWarning: Columns (3) have mixed types. Specify dtype option on import or set low_memory=False.
  df = pd.read_csv(file)

[2024-06-14T08:20:57.221+0000] {warnings.py:109} WARNING - /opt/***/dags/scripts/Transfrom_data.py:14: DtypeWarning: Columns (3) have mixed types. Specify dtype option on import or set low_memory=False.
  df = pd.read_csv(file)

[2024-06-14T08:20:57.326+0000] {warnings.py:109} WARNING - /opt/***/dags/scripts/Transfrom_data.py:14: DtypeWarning: Columns (3) have mixed types. Specify dtype option on import or set low_memory=False.
  df = pd.read_csv(file)

[2024-06-14T08:20:58.103+0000] {warnings.py:109} WARNING - /opt/***/dags/scripts/Transfrom_data.py:14: DtypeWarning: Columns (3) have mixed types. Specify dtype option on import or set low_memory=False.
  df = pd.read_csv(file)

[2024-06-14T08:21:00.567+0000] {warnings.py:109} WARNING - /opt/***/dags/scripts/Transfrom_data.py:14: DtypeWarning: Columns (3) have mixed types. Specify dtype option on import or set low_memory=False.
  df = pd.read_csv(file)

[2024-06-14T08:21:00.972+0000] {warnings.py:109} WARNING - /opt/***/dags/scripts/Transfrom_data.py:14: DtypeWarning: Columns (3) have mixed types. Specify dtype option on import or set low_memory=False.
  df = pd.read_csv(file)

[2024-06-14T08:21:01.123+0000] {warnings.py:109} WARNING - /opt/***/dags/scripts/Transfrom_data.py:14: DtypeWarning: Columns (3) have mixed types. Specify dtype option on import or set low_memory=False.
  df = pd.read_csv(file)

[2024-06-14T08:21:01.313+0000] {warnings.py:109} WARNING - /opt/***/dags/scripts/Transfrom_data.py:14: DtypeWarning: Columns (3) have mixed types. Specify dtype option on import or set low_memory=False.
  df = pd.read_csv(file)

[2024-06-14T08:21:02.269+0000] {warnings.py:109} WARNING - /opt/***/dags/scripts/Transfrom_data.py:14: DtypeWarning: Columns (3) have mixed types. Specify dtype option on import or set low_memory=False.
  df = pd.read_csv(file)

[2024-06-14T08:21:02.517+0000] {Transfrom_data.py:44} INFO - Storing of rejected_df completed successfully
[2024-06-14T08:22:04.705+0000] {Transfrom_data.py:50} INFO - Storing of valid_df completed successfully
[2024-06-14T08:22:04.705+0000] {Transfrom_data.py:52} INFO - Process of trip data completed successfully
[2024-06-14T08:22:05.132+0000] {NYC_Taxi_pipeline.py:47} INFO - data_extraction done
[2024-06-14T08:22:05.133+0000] {python.py:237} INFO - Done. Returned value was: None
[2024-06-14T08:22:05.133+0000] {taskinstance.py:441} INFO - ::group::Post task execution logs
[2024-06-14T08:22:05.142+0000] {taskinstance.py:1206} INFO - Marking task as SUCCESS. dag_id=NYC_Taxi_pipeline, task_id=data_extraction, run_id=manual__2024-06-14T08:20:39.930078+00:00, execution_date=20240614T082039, start_date=20240614T082041, end_date=20240614T082205
[2024-06-14T08:22:05.195+0000] {local_task_job_runner.py:240} INFO - Task exited with return code 0
[2024-06-14T08:22:05.216+0000] {taskinstance.py:3498} INFO - 1 downstream tasks scheduled from follow-on schedule check
[2024-06-14T08:22:05.217+0000] {local_task_job_runner.py:222} INFO - ::endgroup::
