[2024-06-14T08:20:40.785+0000] {local_task_job_runner.py:120} INFO - ::group::Pre task execution logs
[2024-06-14T08:20:40.809+0000] {taskinstance.py:2076} INFO - Dependencies all met for dep_context=non-requeueable deps ti=<TaskInstance: NYC_Taxi_pipeline.database_preparation manual__2024-06-14T08:20:39.930078+00:00 [queued]>
[2024-06-14T08:20:40.821+0000] {taskinstance.py:2076} INFO - Dependencies all met for dep_context=requeueable deps ti=<TaskInstance: NYC_Taxi_pipeline.database_preparation manual__2024-06-14T08:20:39.930078+00:00 [queued]>
[2024-06-14T08:20:40.822+0000] {taskinstance.py:2306} INFO - Starting attempt 1 of 1
[2024-06-14T08:20:40.838+0000] {taskinstance.py:2330} INFO - Executing <Task(PythonOperator): database_preparation> on 2024-06-14 08:20:39.930078+00:00
[2024-06-14T08:20:40.847+0000] {standard_task_runner.py:63} INFO - Started process 60 to run task
[2024-06-14T08:20:40.850+0000] {standard_task_runner.py:90} INFO - Running: ['***', 'tasks', 'run', 'NYC_Taxi_pipeline', 'database_preparation', 'manual__2024-06-14T08:20:39.930078+00:00', '--job-id', '8', '--raw', '--subdir', 'DAGS_FOLDER/NYC_Taxi_pipeline.py', '--cfg-path', '/tmp/tmp6h99ts19']
[2024-06-14T08:20:40.852+0000] {standard_task_runner.py:91} INFO - Job 8: Subtask database_preparation
[2024-06-14T08:20:40.897+0000] {task_command.py:426} INFO - Running <TaskInstance: NYC_Taxi_pipeline.database_preparation manual__2024-06-14T08:20:39.930078+00:00 [running]> on host 762c91fd0326
[2024-06-14T08:20:41.147+0000] {taskinstance.py:2648} INFO - Exporting env vars: AIRFLOW_CTX_DAG_OWNER='Mahmoud' AIRFLOW_CTX_DAG_ID='NYC_Taxi_pipeline' AIRFLOW_CTX_TASK_ID='database_preparation' AIRFLOW_CTX_EXECUTION_DATE='2024-06-14T08:20:39.930078+00:00' AIRFLOW_CTX_TRY_NUMBER='1' AIRFLOW_CTX_DAG_RUN_ID='manual__2024-06-14T08:20:39.930078+00:00'
[2024-06-14T08:20:41.148+0000] {taskinstance.py:430} INFO - ::endgroup::
[2024-06-14T08:20:41.158+0000] {NYC_Taxi_pipeline.py:37} INFO - database_preparation started
[2024-06-14T08:20:41.158+0000] {Table_creation.py:8} INFO - Create tables ......
[2024-06-14T08:20:41.161+0000] {db_utils.py:21} INFO - Connected to PostgreSQL database successfully
[2024-06-14T08:20:41.188+0000] {db_utils.py:37} INFO - Query executed successfully for table DimLocation
[2024-06-14T08:20:41.188+0000] {Table_creation.py:22} INFO - Table DimLocation created successfully
[2024-06-14T08:20:41.191+0000] {db_utils.py:37} INFO - Query executed successfully for table Dimpayment
[2024-06-14T08:20:41.191+0000] {Table_creation.py:22} INFO - Table Dimpayment created successfully
[2024-06-14T08:20:41.195+0000] {db_utils.py:37} INFO - Query executed successfully for table DimRate
[2024-06-14T08:20:41.195+0000] {Table_creation.py:22} INFO - Table DimRate created successfully
[2024-06-14T08:20:41.195+0000] {db_utils.py:40} INFO - Error while executing query for table DimTrip_type: syntax error at or near "int"
LINE 3:         Trip_type_ID int primary key ,
                             ^

[2024-06-14T08:20:41.195+0000] {Table_creation.py:24} INFO - Failed to create table DimTrip_type
[2024-06-14T08:20:41.196+0000] {db_utils.py:40} INFO - Error while executing query for table DimVendor: current transaction is aborted, commands ignored until end of transaction block

[2024-06-14T08:20:41.196+0000] {Table_creation.py:24} INFO - Failed to create table DimVendor
[2024-06-14T08:20:41.196+0000] {db_utils.py:40} INFO - Error while executing query for table Fact_Trip: current transaction is aborted, commands ignored until end of transaction block

[2024-06-14T08:20:41.196+0000] {Table_creation.py:24} INFO - Failed to create table Fact_Trip
[2024-06-14T08:20:41.197+0000] {NYC_Taxi_pipeline.py:39} INFO - database_preparation done
[2024-06-14T08:20:41.197+0000] {python.py:237} INFO - Done. Returned value was: None
[2024-06-14T08:20:41.197+0000] {taskinstance.py:441} INFO - ::group::Post task execution logs
[2024-06-14T08:20:41.205+0000] {taskinstance.py:1206} INFO - Marking task as SUCCESS. dag_id=NYC_Taxi_pipeline, task_id=database_preparation, run_id=manual__2024-06-14T08:20:39.930078+00:00, execution_date=20240614T082039, start_date=20240614T082040, end_date=20240614T082041
[2024-06-14T08:20:41.263+0000] {local_task_job_runner.py:240} INFO - Task exited with return code 0
[2024-06-14T08:20:41.290+0000] {taskinstance.py:3498} INFO - 1 downstream tasks scheduled from follow-on schedule check
[2024-06-14T08:20:41.291+0000] {local_task_job_runner.py:222} INFO - ::endgroup::
