[2024-06-14T09:15:06.417+0000] {local_task_job_runner.py:120} INFO - ::group::Pre task execution logs
[2024-06-14T09:15:06.437+0000] {taskinstance.py:2076} INFO - Dependencies all met for dep_context=non-requeueable deps ti=<TaskInstance: NYC_Taxi_pipeline.data_extraction manual__2024-06-14T09:15:01.097847+00:00 [queued]>
[2024-06-14T09:15:06.445+0000] {taskinstance.py:2076} INFO - Dependencies all met for dep_context=requeueable deps ti=<TaskInstance: NYC_Taxi_pipeline.data_extraction manual__2024-06-14T09:15:01.097847+00:00 [queued]>
[2024-06-14T09:15:06.445+0000] {taskinstance.py:2306} INFO - Starting attempt 1 of 1
[2024-06-14T09:15:06.456+0000] {taskinstance.py:2330} INFO - Executing <Task(PythonOperator): data_extraction> on 2024-06-14 09:15:01.097847+00:00
[2024-06-14T09:15:06.463+0000] {standard_task_runner.py:63} INFO - Started process 90 to run task
[2024-06-14T09:15:06.466+0000] {standard_task_runner.py:90} INFO - Running: ['***', 'tasks', 'run', 'NYC_Taxi_pipeline', 'data_extraction', 'manual__2024-06-14T09:15:01.097847+00:00', '--job-id', '18', '--raw', '--subdir', 'DAGS_FOLDER/NYC_Taxi_pipeline.py', '--cfg-path', '/tmp/tmprb5rc5ay']
[2024-06-14T09:15:06.468+0000] {standard_task_runner.py:91} INFO - Job 18: Subtask data_extraction
[2024-06-14T09:15:06.508+0000] {task_command.py:426} INFO - Running <TaskInstance: NYC_Taxi_pipeline.data_extraction manual__2024-06-14T09:15:01.097847+00:00 [running]> on host 762c91fd0326
[2024-06-14T09:15:06.753+0000] {taskinstance.py:2648} INFO - Exporting env vars: AIRFLOW_CTX_DAG_OWNER='Mahmoud' AIRFLOW_CTX_DAG_ID='NYC_Taxi_pipeline' AIRFLOW_CTX_TASK_ID='data_extraction' AIRFLOW_CTX_EXECUTION_DATE='2024-06-14T09:15:01.097847+00:00' AIRFLOW_CTX_TRY_NUMBER='1' AIRFLOW_CTX_DAG_RUN_ID='manual__2024-06-14T09:15:01.097847+00:00'
[2024-06-14T09:15:06.754+0000] {taskinstance.py:430} INFO - ::endgroup::
[2024-06-14T09:15:06.763+0000] {NYC_Taxi_pipeline.py:45} INFO - data_extraction started
[2024-06-14T09:15:06.764+0000] {Transfrom_data.py:8} INFO - start for transforming data ......
[2024-06-14T09:15:49.726+0000] {Transfrom_data.py:62} INFO - Storing of rejected_df completed successfully
[2024-06-14T09:16:45.746+0000] {Transfrom_data.py:68} INFO - Storing of valid_df completed successfully
[2024-06-14T09:16:45.746+0000] {Transfrom_data.py:70} INFO - Process of trip data completed successfully
[2024-06-14T09:16:46.150+0000] {NYC_Taxi_pipeline.py:47} INFO - data_extraction done
[2024-06-14T09:16:46.151+0000] {python.py:237} INFO - Done. Returned value was: None
[2024-06-14T09:16:46.151+0000] {taskinstance.py:441} INFO - ::group::Post task execution logs
[2024-06-14T09:16:46.159+0000] {taskinstance.py:1206} INFO - Marking task as SUCCESS. dag_id=NYC_Taxi_pipeline, task_id=data_extraction, run_id=manual__2024-06-14T09:15:01.097847+00:00, execution_date=20240614T091501, start_date=20240614T091506, end_date=20240614T091646
[2024-06-14T09:16:46.256+0000] {local_task_job_runner.py:240} INFO - Task exited with return code 0
[2024-06-14T09:16:46.275+0000] {taskinstance.py:3498} INFO - 1 downstream tasks scheduled from follow-on schedule check
[2024-06-14T09:16:46.276+0000] {local_task_job_runner.py:222} INFO - ::endgroup::
