[2024-06-28T22:01:40.191+0000] {local_task_job_runner.py:120} INFO - ::group::Pre task execution logs
[2024-06-28T22:01:40.214+0000] {taskinstance.py:2076} INFO - Dependencies all met for dep_context=non-requeueable deps ti=<TaskInstance: NYC_Taxi_pipeline.database_preparation manual__2024-06-28T22:01:39.355471+00:00 [queued]>
[2024-06-28T22:01:40.222+0000] {taskinstance.py:2076} INFO - Dependencies all met for dep_context=requeueable deps ti=<TaskInstance: NYC_Taxi_pipeline.database_preparation manual__2024-06-28T22:01:39.355471+00:00 [queued]>
[2024-06-28T22:01:40.223+0000] {taskinstance.py:2306} INFO - Starting attempt 1 of 1
[2024-06-28T22:01:40.235+0000] {taskinstance.py:2330} INFO - Executing <Task(PythonOperator): database_preparation> on 2024-06-28 22:01:39.355471+00:00
[2024-06-28T22:01:40.243+0000] {standard_task_runner.py:63} INFO - Started process 388 to run task
[2024-06-28T22:01:40.246+0000] {standard_task_runner.py:90} INFO - Running: ['***', 'tasks', 'run', 'NYC_Taxi_pipeline', 'database_preparation', 'manual__2024-06-28T22:01:39.355471+00:00', '--job-id', '138', '--raw', '--subdir', 'DAGS_FOLDER/NYC_Taxi_pipeline.py', '--cfg-path', '/tmp/tmp79g3ov6q']
[2024-06-28T22:01:40.249+0000] {standard_task_runner.py:91} INFO - Job 138: Subtask database_preparation
[2024-06-28T22:01:40.300+0000] {task_command.py:426} INFO - Running <TaskInstance: NYC_Taxi_pipeline.database_preparation manual__2024-06-28T22:01:39.355471+00:00 [running]> on host 79a59ce16f65
[2024-06-28T22:01:40.605+0000] {taskinstance.py:2648} INFO - Exporting env vars: AIRFLOW_CTX_DAG_OWNER='Mahmoud' AIRFLOW_CTX_DAG_ID='NYC_Taxi_pipeline' AIRFLOW_CTX_TASK_ID='database_preparation' AIRFLOW_CTX_EXECUTION_DATE='2024-06-28T22:01:39.355471+00:00' AIRFLOW_CTX_TRY_NUMBER='1' AIRFLOW_CTX_DAG_RUN_ID='manual__2024-06-28T22:01:39.355471+00:00'
[2024-06-28T22:01:40.606+0000] {taskinstance.py:430} INFO - ::endgroup::
[2024-06-28T22:01:40.620+0000] {NYC_Taxi_pipeline.py:37} INFO - database_preparation started
[2024-06-28T22:01:40.621+0000] {Table_creation.py:8} INFO - Create tables ......
[2024-06-28T22:01:40.624+0000] {db_utils.py:21} INFO - Connected to PostgreSQL database successfully
[2024-06-28T22:01:40.645+0000] {db_utils.py:37} INFO - Query executed successfully for table DimLocation
[2024-06-28T22:01:40.646+0000] {Table_creation.py:22} INFO - Table DimLocation created successfully
[2024-06-28T22:01:40.662+0000] {db_utils.py:37} INFO - Query executed successfully for table Dimpayment
[2024-06-28T22:01:40.662+0000] {Table_creation.py:22} INFO - Table Dimpayment created successfully
[2024-06-28T22:01:40.679+0000] {db_utils.py:37} INFO - Query executed successfully for table DimRate
[2024-06-28T22:01:40.680+0000] {Table_creation.py:22} INFO - Table DimRate created successfully
[2024-06-28T22:01:40.688+0000] {db_utils.py:37} INFO - Query executed successfully for table DimTrip_type
[2024-06-28T22:01:40.688+0000] {Table_creation.py:22} INFO - Table DimTrip_type created successfully
[2024-06-28T22:01:40.692+0000] {db_utils.py:37} INFO - Query executed successfully for table DimVendor
[2024-06-28T22:01:40.692+0000] {Table_creation.py:22} INFO - Table DimVendor created successfully
[2024-06-28T22:01:40.695+0000] {db_utils.py:37} INFO - Query executed successfully for table Fact_Trip
[2024-06-28T22:01:40.695+0000] {Table_creation.py:22} INFO - Table Fact_Trip created successfully
[2024-06-28T22:01:40.695+0000] {NYC_Taxi_pipeline.py:39} INFO - database_preparation done
[2024-06-28T22:01:40.695+0000] {python.py:237} INFO - Done. Returned value was: None
[2024-06-28T22:01:40.696+0000] {taskinstance.py:441} INFO - ::group::Post task execution logs
[2024-06-28T22:01:40.706+0000] {taskinstance.py:1206} INFO - Marking task as SUCCESS. dag_id=NYC_Taxi_pipeline, task_id=database_preparation, run_id=manual__2024-06-28T22:01:39.355471+00:00, execution_date=20240628T220139, start_date=20240628T220140, end_date=20240628T220140
[2024-06-28T22:01:40.739+0000] {local_task_job_runner.py:240} INFO - Task exited with return code 0
[2024-06-28T22:01:40.767+0000] {taskinstance.py:3498} INFO - 1 downstream tasks scheduled from follow-on schedule check
[2024-06-28T22:01:40.769+0000] {local_task_job_runner.py:222} INFO - ::endgroup::
