[2024-06-28T18:50:56.604+0000] {local_task_job_runner.py:120} INFO - ::group::Pre task execution logs
[2024-06-28T18:50:56.630+0000] {taskinstance.py:2076} INFO - Dependencies all met for dep_context=non-requeueable deps ti=<TaskInstance: NYC_Taxi_pipeline.database_preparation manual__2024-06-28T18:50:55.420131+00:00 [queued]>
[2024-06-28T18:50:56.639+0000] {taskinstance.py:2076} INFO - Dependencies all met for dep_context=requeueable deps ti=<TaskInstance: NYC_Taxi_pipeline.database_preparation manual__2024-06-28T18:50:55.420131+00:00 [queued]>
[2024-06-28T18:50:56.639+0000] {taskinstance.py:2306} INFO - Starting attempt 1 of 1
[2024-06-28T18:50:56.652+0000] {taskinstance.py:2330} INFO - Executing <Task(PythonOperator): database_preparation> on 2024-06-28 18:50:55.420131+00:00
[2024-06-28T18:50:56.658+0000] {standard_task_runner.py:63} INFO - Started process 260 to run task
[2024-06-28T18:50:56.661+0000] {standard_task_runner.py:90} INFO - Running: ['***', 'tasks', 'run', 'NYC_Taxi_pipeline', 'database_preparation', 'manual__2024-06-28T18:50:55.420131+00:00', '--job-id', '96', '--raw', '--subdir', 'DAGS_FOLDER/NYC_Taxi_pipeline.py', '--cfg-path', '/tmp/tmppt23ydpn']
[2024-06-28T18:50:56.664+0000] {standard_task_runner.py:91} INFO - Job 96: Subtask database_preparation
[2024-06-28T18:50:56.707+0000] {task_command.py:426} INFO - Running <TaskInstance: NYC_Taxi_pipeline.database_preparation manual__2024-06-28T18:50:55.420131+00:00 [running]> on host 79a59ce16f65
[2024-06-28T18:50:56.953+0000] {taskinstance.py:2648} INFO - Exporting env vars: AIRFLOW_CTX_DAG_OWNER='Mahmoud' AIRFLOW_CTX_DAG_ID='NYC_Taxi_pipeline' AIRFLOW_CTX_TASK_ID='database_preparation' AIRFLOW_CTX_EXECUTION_DATE='2024-06-28T18:50:55.420131+00:00' AIRFLOW_CTX_TRY_NUMBER='1' AIRFLOW_CTX_DAG_RUN_ID='manual__2024-06-28T18:50:55.420131+00:00'
[2024-06-28T18:50:56.954+0000] {taskinstance.py:430} INFO - ::endgroup::
[2024-06-28T18:50:56.964+0000] {NYC_Taxi_pipeline.py:37} INFO - database_preparation started
[2024-06-28T18:50:56.964+0000] {Table_creation.py:8} INFO - Create tables ......
[2024-06-28T18:50:56.967+0000] {db_utils.py:21} INFO - Connected to PostgreSQL database successfully
[2024-06-28T18:50:56.974+0000] {db_utils.py:37} INFO - Query executed successfully for table DimLocation
[2024-06-28T18:50:56.975+0000] {Table_creation.py:22} INFO - Table DimLocation created successfully
[2024-06-28T18:50:56.975+0000] {db_utils.py:37} INFO - Query executed successfully for table Dimpayment
[2024-06-28T18:50:56.975+0000] {Table_creation.py:22} INFO - Table Dimpayment created successfully
[2024-06-28T18:50:56.976+0000] {db_utils.py:37} INFO - Query executed successfully for table DimRate
[2024-06-28T18:50:56.976+0000] {Table_creation.py:22} INFO - Table DimRate created successfully
[2024-06-28T18:50:56.977+0000] {db_utils.py:37} INFO - Query executed successfully for table DimTrip_type
[2024-06-28T18:50:56.977+0000] {Table_creation.py:22} INFO - Table DimTrip_type created successfully
[2024-06-28T18:50:56.977+0000] {db_utils.py:37} INFO - Query executed successfully for table DimVendor
[2024-06-28T18:50:56.977+0000] {Table_creation.py:22} INFO - Table DimVendor created successfully
[2024-06-28T18:50:56.978+0000] {db_utils.py:37} INFO - Query executed successfully for table Fact_Trip
[2024-06-28T18:50:56.978+0000] {Table_creation.py:22} INFO - Table Fact_Trip created successfully
[2024-06-28T18:50:56.978+0000] {NYC_Taxi_pipeline.py:39} INFO - database_preparation done
[2024-06-28T18:50:56.978+0000] {python.py:237} INFO - Done. Returned value was: None
[2024-06-28T18:50:56.979+0000] {taskinstance.py:441} INFO - ::group::Post task execution logs
[2024-06-28T18:50:56.986+0000] {taskinstance.py:1206} INFO - Marking task as SUCCESS. dag_id=NYC_Taxi_pipeline, task_id=database_preparation, run_id=manual__2024-06-28T18:50:55.420131+00:00, execution_date=20240628T185055, start_date=20240628T185056, end_date=20240628T185056
[2024-06-28T18:50:57.034+0000] {local_task_job_runner.py:240} INFO - Task exited with return code 0
[2024-06-28T18:50:57.069+0000] {taskinstance.py:3498} INFO - 0 downstream tasks scheduled from follow-on schedule check
[2024-06-28T18:50:57.071+0000] {local_task_job_runner.py:222} INFO - ::endgroup::
