[2024-06-14T09:06:31.642+0000] {local_task_job_runner.py:120} INFO - ::group::Pre task execution logs
[2024-06-14T09:06:31.662+0000] {taskinstance.py:2076} INFO - Dependencies all met for dep_context=non-requeueable deps ti=<TaskInstance: NYC_Taxi_pipeline.data_extraction manual__2024-06-14T09:06:28.580650+00:00 [queued]>
[2024-06-14T09:06:31.669+0000] {taskinstance.py:2076} INFO - Dependencies all met for dep_context=requeueable deps ti=<TaskInstance: NYC_Taxi_pipeline.data_extraction manual__2024-06-14T09:06:28.580650+00:00 [queued]>
[2024-06-14T09:06:31.670+0000] {taskinstance.py:2306} INFO - Starting attempt 1 of 1
[2024-06-14T09:06:31.681+0000] {taskinstance.py:2330} INFO - Executing <Task(PythonOperator): data_extraction> on 2024-06-14 09:06:28.580650+00:00
[2024-06-14T09:06:31.688+0000] {standard_task_runner.py:63} INFO - Started process 81 to run task
[2024-06-14T09:06:31.691+0000] {standard_task_runner.py:90} INFO - Running: ['***', 'tasks', 'run', 'NYC_Taxi_pipeline', 'data_extraction', 'manual__2024-06-14T09:06:28.580650+00:00', '--job-id', '15', '--raw', '--subdir', 'DAGS_FOLDER/NYC_Taxi_pipeline.py', '--cfg-path', '/tmp/tmpg9enevqf']
[2024-06-14T09:06:31.693+0000] {standard_task_runner.py:91} INFO - Job 15: Subtask data_extraction
[2024-06-14T09:06:31.733+0000] {task_command.py:426} INFO - Running <TaskInstance: NYC_Taxi_pipeline.data_extraction manual__2024-06-14T09:06:28.580650+00:00 [running]> on host 762c91fd0326
[2024-06-14T09:06:31.968+0000] {taskinstance.py:2648} INFO - Exporting env vars: AIRFLOW_CTX_DAG_OWNER='Mahmoud' AIRFLOW_CTX_DAG_ID='NYC_Taxi_pipeline' AIRFLOW_CTX_TASK_ID='data_extraction' AIRFLOW_CTX_EXECUTION_DATE='2024-06-14T09:06:28.580650+00:00' AIRFLOW_CTX_TRY_NUMBER='1' AIRFLOW_CTX_DAG_RUN_ID='manual__2024-06-14T09:06:28.580650+00:00'
[2024-06-14T09:06:31.969+0000] {taskinstance.py:430} INFO - ::endgroup::
[2024-06-14T09:06:31.979+0000] {NYC_Taxi_pipeline.py:45} INFO - data_extraction started
[2024-06-14T09:06:31.980+0000] {Transfrom_data.py:8} INFO - start for transforming data ......
[2024-06-14T09:07:14.990+0000] {Transfrom_data.py:62} INFO - Storing of rejected_df completed successfully
[2024-06-14T09:08:09.017+0000] {Transfrom_data.py:68} INFO - Storing of valid_df completed successfully
[2024-06-14T09:08:09.017+0000] {Transfrom_data.py:70} INFO - Process of trip data completed successfully
[2024-06-14T09:08:09.476+0000] {NYC_Taxi_pipeline.py:47} INFO - data_extraction done
[2024-06-14T09:08:09.477+0000] {python.py:237} INFO - Done. Returned value was: None
[2024-06-14T09:08:09.477+0000] {taskinstance.py:441} INFO - ::group::Post task execution logs
[2024-06-14T09:08:09.488+0000] {taskinstance.py:1206} INFO - Marking task as SUCCESS. dag_id=NYC_Taxi_pipeline, task_id=data_extraction, run_id=manual__2024-06-14T09:06:28.580650+00:00, execution_date=20240614T090628, start_date=20240614T090631, end_date=20240614T090809
[2024-06-14T09:08:09.634+0000] {local_task_job_runner.py:240} INFO - Task exited with return code 0
[2024-06-14T09:08:09.657+0000] {taskinstance.py:3498} INFO - 1 downstream tasks scheduled from follow-on schedule check
[2024-06-14T09:08:09.689+0000] {local_task_job_runner.py:222} INFO - ::endgroup::
