[2024-06-28T22:01:43.069+0000] {local_task_job_runner.py:120} INFO - ::group::Pre task execution logs
[2024-06-28T22:01:43.089+0000] {taskinstance.py:2076} INFO - Dependencies all met for dep_context=non-requeueable deps ti=<TaskInstance: NYC_Taxi_pipeline.data_delivery manual__2024-06-28T22:01:39.355471+00:00 [queued]>
[2024-06-28T22:01:43.098+0000] {taskinstance.py:2076} INFO - Dependencies all met for dep_context=requeueable deps ti=<TaskInstance: NYC_Taxi_pipeline.data_delivery manual__2024-06-28T22:01:39.355471+00:00 [queued]>
[2024-06-28T22:01:43.098+0000] {taskinstance.py:2306} INFO - Starting attempt 1 of 1
[2024-06-28T22:01:43.109+0000] {taskinstance.py:2330} INFO - Executing <Task(PythonOperator): data_delivery> on 2024-06-28 22:01:39.355471+00:00
[2024-06-28T22:01:43.116+0000] {standard_task_runner.py:63} INFO - Started process 394 to run task
[2024-06-28T22:01:43.118+0000] {standard_task_runner.py:90} INFO - Running: ['***', 'tasks', 'run', 'NYC_Taxi_pipeline', 'data_delivery', 'manual__2024-06-28T22:01:39.355471+00:00', '--job-id', '140', '--raw', '--subdir', 'DAGS_FOLDER/NYC_Taxi_pipeline.py', '--cfg-path', '/tmp/tmpixrjg117']
[2024-06-28T22:01:43.121+0000] {standard_task_runner.py:91} INFO - Job 140: Subtask data_delivery
[2024-06-28T22:01:43.160+0000] {task_command.py:426} INFO - Running <TaskInstance: NYC_Taxi_pipeline.data_delivery manual__2024-06-28T22:01:39.355471+00:00 [running]> on host 79a59ce16f65
[2024-06-28T22:01:43.411+0000] {taskinstance.py:2648} INFO - Exporting env vars: AIRFLOW_CTX_DAG_OWNER='Mahmoud' AIRFLOW_CTX_DAG_ID='NYC_Taxi_pipeline' AIRFLOW_CTX_TASK_ID='data_delivery' AIRFLOW_CTX_EXECUTION_DATE='2024-06-28T22:01:39.355471+00:00' AIRFLOW_CTX_TRY_NUMBER='1' AIRFLOW_CTX_DAG_RUN_ID='manual__2024-06-28T22:01:39.355471+00:00'
[2024-06-28T22:01:43.412+0000] {taskinstance.py:430} INFO - ::endgroup::
[2024-06-28T22:01:43.421+0000] {NYC_Taxi_pipeline.py:54} INFO - data_delivery started
[2024-06-28T22:01:43.422+0000] {Load_Data.py:20} INFO - Loading location Dimension ...
[2024-06-28T22:01:43.429+0000] {db_utils.py:21} INFO - Connected to PostgreSQL database successfully
[2024-06-28T22:01:43.432+0000] {Load_Data.py:36} INFO - Existing records columns: ['locationid', 'borough', 'zone', 'service_zone', 'start_date', 'end_date', 'active_flag', 'version']
[2024-06-28T22:01:43.520+0000] {db_utils.py:30} INFO - PostgreSQL connection is closed
[2024-06-28T22:01:43.522+0000] {Table_creation.py:51} INFO - Loading data into table DimLocation...
[2024-06-28T22:01:43.524+0000] {db_utils.py:21} INFO - Connected to PostgreSQL database successfully
[2024-06-28T22:01:43.526+0000] {Table_creation.py:64} INFO - insert new row to dimlocation
[2024-06-28T22:01:43.526+0000] {Table_creation.py:64} INFO - insert new row to dimlocation
[2024-06-28T22:01:43.527+0000] {Table_creation.py:64} INFO - insert new row to dimlocation
[2024-06-28T22:01:43.527+0000] {Table_creation.py:64} INFO - insert new row to dimlocation
[2024-06-28T22:01:43.528+0000] {Table_creation.py:64} INFO - insert new row to dimlocation
[2024-06-28T22:01:43.528+0000] {Table_creation.py:64} INFO - insert new row to dimlocation
[2024-06-28T22:01:43.529+0000] {Table_creation.py:64} INFO - insert new row to dimlocation
[2024-06-28T22:01:43.529+0000] {Table_creation.py:64} INFO - insert new row to dimlocation
[2024-06-28T22:01:43.529+0000] {Table_creation.py:64} INFO - insert new row to dimlocation
[2024-06-28T22:01:43.530+0000] {Table_creation.py:64} INFO - insert new row to dimlocation
[2024-06-28T22:01:43.530+0000] {Table_creation.py:64} INFO - insert new row to dimlocation
[2024-06-28T22:01:43.531+0000] {Table_creation.py:64} INFO - insert new row to dimlocation
[2024-06-28T22:01:43.531+0000] {Table_creation.py:64} INFO - insert new row to dimlocation
[2024-06-28T22:01:43.531+0000] {Table_creation.py:64} INFO - insert new row to dimlocation
[2024-06-28T22:01:43.532+0000] {Table_creation.py:64} INFO - insert new row to dimlocation
[2024-06-28T22:01:43.532+0000] {Table_creation.py:64} INFO - insert new row to dimlocation
[2024-06-28T22:01:43.533+0000] {Table_creation.py:64} INFO - insert new row to dimlocation
[2024-06-28T22:01:43.533+0000] {Table_creation.py:64} INFO - insert new row to dimlocation
[2024-06-28T22:01:43.533+0000] {Table_creation.py:64} INFO - insert new row to dimlocation
[2024-06-28T22:01:43.534+0000] {Table_creation.py:64} INFO - insert new row to dimlocation
[2024-06-28T22:01:43.534+0000] {Table_creation.py:64} INFO - insert new row to dimlocation
[2024-06-28T22:01:43.534+0000] {Table_creation.py:64} INFO - insert new row to dimlocation
[2024-06-28T22:01:43.535+0000] {Table_creation.py:64} INFO - insert new row to dimlocation
[2024-06-28T22:01:43.535+0000] {Table_creation.py:64} INFO - insert new row to dimlocation
[2024-06-28T22:01:43.536+0000] {Table_creation.py:64} INFO - insert new row to dimlocation
[2024-06-28T22:01:43.536+0000] {Table_creation.py:64} INFO - insert new row to dimlocation
[2024-06-28T22:01:43.536+0000] {Table_creation.py:64} INFO - insert new row to dimlocation
[2024-06-28T22:01:43.537+0000] {Table_creation.py:64} INFO - insert new row to dimlocation
[2024-06-28T22:01:43.537+0000] {Table_creation.py:64} INFO - insert new row to dimlocation
[2024-06-28T22:01:43.537+0000] {Table_creation.py:64} INFO - insert new row to dimlocation
[2024-06-28T22:01:43.538+0000] {Table_creation.py:64} INFO - insert new row to dimlocation
[2024-06-28T22:01:43.538+0000] {Table_creation.py:64} INFO - insert new row to dimlocation
[2024-06-28T22:01:43.538+0000] {Table_creation.py:64} INFO - insert new row to dimlocation
[2024-06-28T22:01:43.539+0000] {Table_creation.py:64} INFO - insert new row to dimlocation
[2024-06-28T22:01:43.539+0000] {Table_creation.py:64} INFO - insert new row to dimlocation
[2024-06-28T22:01:43.540+0000] {Table_creation.py:64} INFO - insert new row to dimlocation
[2024-06-28T22:01:43.540+0000] {Table_creation.py:64} INFO - insert new row to dimlocation
[2024-06-28T22:01:43.540+0000] {Table_creation.py:64} INFO - insert new row to dimlocation
[2024-06-28T22:01:43.541+0000] {Table_creation.py:64} INFO - insert new row to dimlocation
[2024-06-28T22:01:43.541+0000] {Table_creation.py:64} INFO - insert new row to dimlocation
[2024-06-28T22:01:43.542+0000] {Table_creation.py:64} INFO - insert new row to dimlocation
[2024-06-28T22:01:43.542+0000] {Table_creation.py:64} INFO - insert new row to dimlocation
[2024-06-28T22:01:43.542+0000] {Table_creation.py:64} INFO - insert new row to dimlocation
[2024-06-28T22:01:43.543+0000] {Table_creation.py:64} INFO - insert new row to dimlocation
[2024-06-28T22:01:43.543+0000] {Table_creation.py:64} INFO - insert new row to dimlocation
[2024-06-28T22:01:43.543+0000] {Table_creation.py:64} INFO - insert new row to dimlocation
[2024-06-28T22:01:43.544+0000] {Table_creation.py:64} INFO - insert new row to dimlocation
[2024-06-28T22:01:43.544+0000] {Table_creation.py:64} INFO - insert new row to dimlocation
[2024-06-28T22:01:43.545+0000] {Table_creation.py:64} INFO - insert new row to dimlocation
[2024-06-28T22:01:43.545+0000] {Table_creation.py:64} INFO - insert new row to dimlocation
[2024-06-28T22:01:43.545+0000] {Table_creation.py:64} INFO - insert new row to dimlocation
[2024-06-28T22:01:43.546+0000] {Table_creation.py:64} INFO - insert new row to dimlocation
[2024-06-28T22:01:43.546+0000] {Table_creation.py:64} INFO - insert new row to dimlocation
[2024-06-28T22:01:43.546+0000] {Table_creation.py:64} INFO - insert new row to dimlocation
[2024-06-28T22:01:43.547+0000] {Table_creation.py:64} INFO - insert new row to dimlocation
[2024-06-28T22:01:43.547+0000] {Table_creation.py:64} INFO - insert new row to dimlocation
[2024-06-28T22:01:43.548+0000] {Table_creation.py:64} INFO - insert new row to dimlocation
[2024-06-28T22:01:43.548+0000] {Table_creation.py:64} INFO - insert new row to dimlocation
[2024-06-28T22:01:43.549+0000] {Table_creation.py:64} INFO - insert new row to dimlocation
[2024-06-28T22:01:43.549+0000] {Table_creation.py:64} INFO - insert new row to dimlocation
[2024-06-28T22:01:43.549+0000] {Table_creation.py:64} INFO - insert new row to dimlocation
[2024-06-28T22:01:43.550+0000] {Table_creation.py:64} INFO - insert new row to dimlocation
[2024-06-28T22:01:43.550+0000] {Table_creation.py:64} INFO - insert new row to dimlocation
[2024-06-28T22:01:43.550+0000] {Table_creation.py:64} INFO - insert new row to dimlocation
[2024-06-28T22:01:43.551+0000] {Table_creation.py:64} INFO - insert new row to dimlocation
[2024-06-28T22:01:43.551+0000] {Table_creation.py:64} INFO - insert new row to dimlocation
[2024-06-28T22:01:43.552+0000] {Table_creation.py:64} INFO - insert new row to dimlocation
[2024-06-28T22:01:43.552+0000] {Table_creation.py:64} INFO - insert new row to dimlocation
[2024-06-28T22:01:43.552+0000] {Table_creation.py:64} INFO - insert new row to dimlocation
[2024-06-28T22:01:43.553+0000] {Table_creation.py:64} INFO - insert new row to dimlocation
[2024-06-28T22:01:43.553+0000] {Table_creation.py:64} INFO - insert new row to dimlocation
[2024-06-28T22:01:43.553+0000] {Table_creation.py:64} INFO - insert new row to dimlocation
[2024-06-28T22:01:43.554+0000] {Table_creation.py:64} INFO - insert new row to dimlocation
[2024-06-28T22:01:43.554+0000] {Table_creation.py:64} INFO - insert new row to dimlocation
[2024-06-28T22:01:43.554+0000] {Table_creation.py:64} INFO - insert new row to dimlocation
[2024-06-28T22:01:43.555+0000] {Table_creation.py:64} INFO - insert new row to dimlocation
[2024-06-28T22:01:43.555+0000] {Table_creation.py:64} INFO - insert new row to dimlocation
[2024-06-28T22:01:43.555+0000] {Table_creation.py:64} INFO - insert new row to dimlocation
[2024-06-28T22:01:43.555+0000] {Table_creation.py:64} INFO - insert new row to dimlocation
[2024-06-28T22:01:43.556+0000] {Table_creation.py:64} INFO - insert new row to dimlocation
[2024-06-28T22:01:43.556+0000] {Table_creation.py:64} INFO - insert new row to dimlocation
[2024-06-28T22:01:43.557+0000] {Table_creation.py:64} INFO - insert new row to dimlocation
[2024-06-28T22:01:43.557+0000] {Table_creation.py:64} INFO - insert new row to dimlocation
[2024-06-28T22:01:43.557+0000] {Table_creation.py:64} INFO - insert new row to dimlocation
[2024-06-28T22:01:43.558+0000] {Table_creation.py:64} INFO - insert new row to dimlocation
[2024-06-28T22:01:43.558+0000] {Table_creation.py:64} INFO - insert new row to dimlocation
[2024-06-28T22:01:43.558+0000] {Table_creation.py:64} INFO - insert new row to dimlocation
[2024-06-28T22:01:43.559+0000] {Table_creation.py:64} INFO - insert new row to dimlocation
[2024-06-28T22:01:43.559+0000] {Table_creation.py:64} INFO - insert new row to dimlocation
[2024-06-28T22:01:43.559+0000] {Table_creation.py:64} INFO - insert new row to dimlocation
[2024-06-28T22:01:43.560+0000] {Table_creation.py:64} INFO - insert new row to dimlocation
[2024-06-28T22:01:43.560+0000] {Table_creation.py:64} INFO - insert new row to dimlocation
[2024-06-28T22:01:43.561+0000] {Table_creation.py:64} INFO - insert new row to dimlocation
[2024-06-28T22:01:43.562+0000] {Table_creation.py:64} INFO - insert new row to dimlocation
[2024-06-28T22:01:43.562+0000] {Table_creation.py:64} INFO - insert new row to dimlocation
[2024-06-28T22:01:43.563+0000] {Table_creation.py:64} INFO - insert new row to dimlocation
[2024-06-28T22:01:43.563+0000] {Table_creation.py:64} INFO - insert new row to dimlocation
[2024-06-28T22:01:43.563+0000] {Table_creation.py:64} INFO - insert new row to dimlocation
[2024-06-28T22:01:43.564+0000] {Table_creation.py:64} INFO - insert new row to dimlocation
[2024-06-28T22:01:43.564+0000] {Table_creation.py:64} INFO - insert new row to dimlocation
[2024-06-28T22:01:43.565+0000] {Table_creation.py:64} INFO - insert new row to dimlocation
[2024-06-28T22:01:43.565+0000] {Table_creation.py:64} INFO - insert new row to dimlocation
[2024-06-28T22:01:43.566+0000] {Table_creation.py:64} INFO - insert new row to dimlocation
[2024-06-28T22:01:43.566+0000] {Table_creation.py:64} INFO - insert new row to dimlocation
[2024-06-28T22:01:43.566+0000] {Table_creation.py:64} INFO - insert new row to dimlocation
[2024-06-28T22:01:43.567+0000] {Table_creation.py:64} INFO - insert new row to dimlocation
[2024-06-28T22:01:43.567+0000] {Table_creation.py:64} INFO - insert new row to dimlocation
[2024-06-28T22:01:43.568+0000] {Table_creation.py:64} INFO - insert new row to dimlocation
[2024-06-28T22:01:43.568+0000] {Table_creation.py:64} INFO - insert new row to dimlocation
[2024-06-28T22:01:43.568+0000] {Table_creation.py:64} INFO - insert new row to dimlocation
[2024-06-28T22:01:43.569+0000] {Table_creation.py:64} INFO - insert new row to dimlocation
[2024-06-28T22:01:43.569+0000] {Table_creation.py:64} INFO - insert new row to dimlocation
[2024-06-28T22:01:43.569+0000] {Table_creation.py:64} INFO - insert new row to dimlocation
[2024-06-28T22:01:43.570+0000] {Table_creation.py:64} INFO - insert new row to dimlocation
[2024-06-28T22:01:43.570+0000] {Table_creation.py:64} INFO - insert new row to dimlocation
[2024-06-28T22:01:43.571+0000] {Table_creation.py:64} INFO - insert new row to dimlocation
[2024-06-28T22:01:43.571+0000] {Table_creation.py:64} INFO - insert new row to dimlocation
[2024-06-28T22:01:43.571+0000] {Table_creation.py:64} INFO - insert new row to dimlocation
[2024-06-28T22:01:43.572+0000] {Table_creation.py:64} INFO - insert new row to dimlocation
[2024-06-28T22:01:43.572+0000] {Table_creation.py:64} INFO - insert new row to dimlocation
[2024-06-28T22:01:43.572+0000] {Table_creation.py:64} INFO - insert new row to dimlocation
[2024-06-28T22:01:43.573+0000] {Table_creation.py:64} INFO - insert new row to dimlocation
[2024-06-28T22:01:43.573+0000] {Table_creation.py:64} INFO - insert new row to dimlocation
[2024-06-28T22:01:43.573+0000] {Table_creation.py:64} INFO - insert new row to dimlocation
[2024-06-28T22:01:43.574+0000] {Table_creation.py:64} INFO - insert new row to dimlocation
[2024-06-28T22:01:43.574+0000] {Table_creation.py:64} INFO - insert new row to dimlocation
[2024-06-28T22:01:43.574+0000] {Table_creation.py:64} INFO - insert new row to dimlocation
[2024-06-28T22:01:43.575+0000] {Table_creation.py:64} INFO - insert new row to dimlocation
[2024-06-28T22:01:43.575+0000] {Table_creation.py:64} INFO - insert new row to dimlocation
[2024-06-28T22:01:43.575+0000] {Table_creation.py:64} INFO - insert new row to dimlocation
[2024-06-28T22:01:43.576+0000] {Table_creation.py:64} INFO - insert new row to dimlocation
[2024-06-28T22:01:43.576+0000] {Table_creation.py:64} INFO - insert new row to dimlocation
[2024-06-28T22:01:43.576+0000] {Table_creation.py:64} INFO - insert new row to dimlocation
[2024-06-28T22:01:43.577+0000] {Table_creation.py:64} INFO - insert new row to dimlocation
[2024-06-28T22:01:43.577+0000] {Table_creation.py:64} INFO - insert new row to dimlocation
[2024-06-28T22:01:43.577+0000] {Table_creation.py:64} INFO - insert new row to dimlocation
[2024-06-28T22:01:43.578+0000] {Table_creation.py:64} INFO - insert new row to dimlocation
[2024-06-28T22:01:43.578+0000] {Table_creation.py:64} INFO - insert new row to dimlocation
[2024-06-28T22:01:43.579+0000] {Table_creation.py:64} INFO - insert new row to dimlocation
[2024-06-28T22:01:43.579+0000] {Table_creation.py:64} INFO - insert new row to dimlocation
[2024-06-28T22:01:43.580+0000] {Table_creation.py:64} INFO - insert new row to dimlocation
[2024-06-28T22:01:43.580+0000] {Table_creation.py:64} INFO - insert new row to dimlocation
[2024-06-28T22:01:43.581+0000] {Table_creation.py:64} INFO - insert new row to dimlocation
[2024-06-28T22:01:43.581+0000] {Table_creation.py:64} INFO - insert new row to dimlocation
[2024-06-28T22:01:43.582+0000] {Table_creation.py:64} INFO - insert new row to dimlocation
[2024-06-28T22:01:43.583+0000] {Table_creation.py:64} INFO - insert new row to dimlocation
[2024-06-28T22:01:43.583+0000] {Table_creation.py:64} INFO - insert new row to dimlocation
[2024-06-28T22:01:43.584+0000] {Table_creation.py:64} INFO - insert new row to dimlocation
[2024-06-28T22:01:43.584+0000] {Table_creation.py:64} INFO - insert new row to dimlocation
[2024-06-28T22:01:43.585+0000] {Table_creation.py:64} INFO - insert new row to dimlocation
[2024-06-28T22:01:43.585+0000] {Table_creation.py:64} INFO - insert new row to dimlocation
[2024-06-28T22:01:43.585+0000] {Table_creation.py:64} INFO - insert new row to dimlocation
[2024-06-28T22:01:43.586+0000] {Table_creation.py:64} INFO - insert new row to dimlocation
[2024-06-28T22:01:43.586+0000] {Table_creation.py:64} INFO - insert new row to dimlocation
[2024-06-28T22:01:43.586+0000] {Table_creation.py:64} INFO - insert new row to dimlocation
[2024-06-28T22:01:43.587+0000] {Table_creation.py:64} INFO - insert new row to dimlocation
[2024-06-28T22:01:43.587+0000] {Table_creation.py:64} INFO - insert new row to dimlocation
[2024-06-28T22:01:43.588+0000] {Table_creation.py:64} INFO - insert new row to dimlocation
[2024-06-28T22:01:43.588+0000] {Table_creation.py:64} INFO - insert new row to dimlocation
[2024-06-28T22:01:43.588+0000] {Table_creation.py:64} INFO - insert new row to dimlocation
[2024-06-28T22:01:43.589+0000] {Table_creation.py:64} INFO - insert new row to dimlocation
[2024-06-28T22:01:43.589+0000] {Table_creation.py:64} INFO - insert new row to dimlocation
[2024-06-28T22:01:43.589+0000] {Table_creation.py:64} INFO - insert new row to dimlocation
[2024-06-28T22:01:43.590+0000] {Table_creation.py:64} INFO - insert new row to dimlocation
[2024-06-28T22:01:43.590+0000] {Table_creation.py:64} INFO - insert new row to dimlocation
[2024-06-28T22:01:43.590+0000] {Table_creation.py:64} INFO - insert new row to dimlocation
[2024-06-28T22:01:43.591+0000] {Table_creation.py:64} INFO - insert new row to dimlocation
[2024-06-28T22:01:43.591+0000] {Table_creation.py:64} INFO - insert new row to dimlocation
[2024-06-28T22:01:43.592+0000] {Table_creation.py:64} INFO - insert new row to dimlocation
[2024-06-28T22:01:43.592+0000] {Table_creation.py:64} INFO - insert new row to dimlocation
[2024-06-28T22:01:43.592+0000] {Table_creation.py:64} INFO - insert new row to dimlocation
[2024-06-28T22:01:43.593+0000] {Table_creation.py:64} INFO - insert new row to dimlocation
[2024-06-28T22:01:43.593+0000] {Table_creation.py:64} INFO - insert new row to dimlocation
[2024-06-28T22:01:43.594+0000] {Table_creation.py:64} INFO - insert new row to dimlocation
[2024-06-28T22:01:43.595+0000] {Table_creation.py:64} INFO - insert new row to dimlocation
[2024-06-28T22:01:43.595+0000] {Table_creation.py:64} INFO - insert new row to dimlocation
[2024-06-28T22:01:43.596+0000] {Table_creation.py:64} INFO - insert new row to dimlocation
[2024-06-28T22:01:43.596+0000] {Table_creation.py:64} INFO - insert new row to dimlocation
[2024-06-28T22:01:43.597+0000] {Table_creation.py:64} INFO - insert new row to dimlocation
[2024-06-28T22:01:43.597+0000] {Table_creation.py:64} INFO - insert new row to dimlocation
[2024-06-28T22:01:43.598+0000] {Table_creation.py:64} INFO - insert new row to dimlocation
[2024-06-28T22:01:43.598+0000] {Table_creation.py:64} INFO - insert new row to dimlocation
[2024-06-28T22:01:43.599+0000] {Table_creation.py:64} INFO - insert new row to dimlocation
[2024-06-28T22:01:43.599+0000] {Table_creation.py:64} INFO - insert new row to dimlocation
[2024-06-28T22:01:43.600+0000] {Table_creation.py:64} INFO - insert new row to dimlocation
[2024-06-28T22:01:43.600+0000] {Table_creation.py:64} INFO - insert new row to dimlocation
[2024-06-28T22:01:43.601+0000] {Table_creation.py:64} INFO - insert new row to dimlocation
[2024-06-28T22:01:43.601+0000] {Table_creation.py:64} INFO - insert new row to dimlocation
[2024-06-28T22:01:43.602+0000] {Table_creation.py:64} INFO - insert new row to dimlocation
[2024-06-28T22:01:43.602+0000] {Table_creation.py:64} INFO - insert new row to dimlocation
[2024-06-28T22:01:43.603+0000] {Table_creation.py:64} INFO - insert new row to dimlocation
[2024-06-28T22:01:43.603+0000] {Table_creation.py:64} INFO - insert new row to dimlocation
[2024-06-28T22:01:43.603+0000] {Table_creation.py:64} INFO - insert new row to dimlocation
[2024-06-28T22:01:43.604+0000] {Table_creation.py:64} INFO - insert new row to dimlocation
[2024-06-28T22:01:43.604+0000] {Table_creation.py:64} INFO - insert new row to dimlocation
[2024-06-28T22:01:43.605+0000] {Table_creation.py:64} INFO - insert new row to dimlocation
[2024-06-28T22:01:43.605+0000] {Table_creation.py:64} INFO - insert new row to dimlocation
[2024-06-28T22:01:43.606+0000] {Table_creation.py:64} INFO - insert new row to dimlocation
[2024-06-28T22:01:43.606+0000] {Table_creation.py:64} INFO - insert new row to dimlocation
[2024-06-28T22:01:43.606+0000] {Table_creation.py:64} INFO - insert new row to dimlocation
[2024-06-28T22:01:43.607+0000] {Table_creation.py:64} INFO - insert new row to dimlocation
[2024-06-28T22:01:43.607+0000] {Table_creation.py:64} INFO - insert new row to dimlocation
[2024-06-28T22:01:43.608+0000] {Table_creation.py:64} INFO - insert new row to dimlocation
[2024-06-28T22:01:43.608+0000] {Table_creation.py:64} INFO - insert new row to dimlocation
[2024-06-28T22:01:43.608+0000] {Table_creation.py:64} INFO - insert new row to dimlocation
[2024-06-28T22:01:43.609+0000] {Table_creation.py:64} INFO - insert new row to dimlocation
[2024-06-28T22:01:43.609+0000] {Table_creation.py:64} INFO - insert new row to dimlocation
[2024-06-28T22:01:43.609+0000] {Table_creation.py:64} INFO - insert new row to dimlocation
[2024-06-28T22:01:43.610+0000] {Table_creation.py:64} INFO - insert new row to dimlocation
[2024-06-28T22:01:43.610+0000] {Table_creation.py:64} INFO - insert new row to dimlocation
[2024-06-28T22:01:43.611+0000] {Table_creation.py:64} INFO - insert new row to dimlocation
[2024-06-28T22:01:43.613+0000] {Table_creation.py:64} INFO - insert new row to dimlocation
[2024-06-28T22:01:43.614+0000] {Table_creation.py:64} INFO - insert new row to dimlocation
[2024-06-28T22:01:43.615+0000] {Table_creation.py:64} INFO - insert new row to dimlocation
[2024-06-28T22:01:43.615+0000] {Table_creation.py:64} INFO - insert new row to dimlocation
[2024-06-28T22:01:43.616+0000] {Table_creation.py:64} INFO - insert new row to dimlocation
[2024-06-28T22:01:43.616+0000] {Table_creation.py:64} INFO - insert new row to dimlocation
[2024-06-28T22:01:43.617+0000] {Table_creation.py:64} INFO - insert new row to dimlocation
[2024-06-28T22:01:43.617+0000] {Table_creation.py:64} INFO - insert new row to dimlocation
[2024-06-28T22:01:43.617+0000] {Table_creation.py:64} INFO - insert new row to dimlocation
[2024-06-28T22:01:43.618+0000] {Table_creation.py:64} INFO - insert new row to dimlocation
[2024-06-28T22:01:43.618+0000] {Table_creation.py:64} INFO - insert new row to dimlocation
[2024-06-28T22:01:43.619+0000] {Table_creation.py:64} INFO - insert new row to dimlocation
[2024-06-28T22:01:43.619+0000] {Table_creation.py:64} INFO - insert new row to dimlocation
[2024-06-28T22:01:43.619+0000] {Table_creation.py:64} INFO - insert new row to dimlocation
[2024-06-28T22:01:43.620+0000] {Table_creation.py:64} INFO - insert new row to dimlocation
[2024-06-28T22:01:43.620+0000] {Table_creation.py:64} INFO - insert new row to dimlocation
[2024-06-28T22:01:43.621+0000] {Table_creation.py:64} INFO - insert new row to dimlocation
[2024-06-28T22:01:43.621+0000] {Table_creation.py:64} INFO - insert new row to dimlocation
[2024-06-28T22:01:43.621+0000] {Table_creation.py:64} INFO - insert new row to dimlocation
[2024-06-28T22:01:43.622+0000] {Table_creation.py:64} INFO - insert new row to dimlocation
[2024-06-28T22:01:43.622+0000] {Table_creation.py:64} INFO - insert new row to dimlocation
[2024-06-28T22:01:43.623+0000] {Table_creation.py:64} INFO - insert new row to dimlocation
[2024-06-28T22:01:43.623+0000] {Table_creation.py:64} INFO - insert new row to dimlocation
[2024-06-28T22:01:43.623+0000] {Table_creation.py:64} INFO - insert new row to dimlocation
[2024-06-28T22:01:43.624+0000] {Table_creation.py:64} INFO - insert new row to dimlocation
[2024-06-28T22:01:43.624+0000] {Table_creation.py:64} INFO - insert new row to dimlocation
[2024-06-28T22:01:43.625+0000] {Table_creation.py:64} INFO - insert new row to dimlocation
[2024-06-28T22:01:43.625+0000] {Table_creation.py:64} INFO - insert new row to dimlocation
[2024-06-28T22:01:43.625+0000] {Table_creation.py:64} INFO - insert new row to dimlocation
[2024-06-28T22:01:43.626+0000] {Table_creation.py:64} INFO - insert new row to dimlocation
[2024-06-28T22:01:43.626+0000] {Table_creation.py:64} INFO - insert new row to dimlocation
[2024-06-28T22:01:43.627+0000] {Table_creation.py:64} INFO - insert new row to dimlocation
[2024-06-28T22:01:43.627+0000] {Table_creation.py:64} INFO - insert new row to dimlocation
[2024-06-28T22:01:43.628+0000] {Table_creation.py:64} INFO - insert new row to dimlocation
[2024-06-28T22:01:43.628+0000] {Table_creation.py:64} INFO - insert new row to dimlocation
[2024-06-28T22:01:43.629+0000] {Table_creation.py:64} INFO - insert new row to dimlocation
[2024-06-28T22:01:43.630+0000] {Table_creation.py:64} INFO - insert new row to dimlocation
[2024-06-28T22:01:43.630+0000] {Table_creation.py:64} INFO - insert new row to dimlocation
[2024-06-28T22:01:43.631+0000] {Table_creation.py:64} INFO - insert new row to dimlocation
[2024-06-28T22:01:43.632+0000] {Table_creation.py:64} INFO - insert new row to dimlocation
[2024-06-28T22:01:43.632+0000] {Table_creation.py:64} INFO - insert new row to dimlocation
[2024-06-28T22:01:43.632+0000] {Table_creation.py:64} INFO - insert new row to dimlocation
[2024-06-28T22:01:43.633+0000] {Table_creation.py:64} INFO - insert new row to dimlocation
[2024-06-28T22:01:43.633+0000] {Table_creation.py:64} INFO - insert new row to dimlocation
[2024-06-28T22:01:43.634+0000] {Table_creation.py:64} INFO - insert new row to dimlocation
[2024-06-28T22:01:43.634+0000] {Table_creation.py:64} INFO - insert new row to dimlocation
[2024-06-28T22:01:43.635+0000] {Table_creation.py:64} INFO - insert new row to dimlocation
[2024-06-28T22:01:43.635+0000] {Table_creation.py:64} INFO - insert new row to dimlocation
[2024-06-28T22:01:43.636+0000] {Table_creation.py:64} INFO - insert new row to dimlocation
[2024-06-28T22:01:43.636+0000] {Table_creation.py:64} INFO - insert new row to dimlocation
[2024-06-28T22:01:43.636+0000] {Table_creation.py:64} INFO - insert new row to dimlocation
[2024-06-28T22:01:43.637+0000] {Table_creation.py:64} INFO - insert new row to dimlocation
[2024-06-28T22:01:43.637+0000] {Table_creation.py:64} INFO - insert new row to dimlocation
[2024-06-28T22:01:43.638+0000] {Table_creation.py:64} INFO - insert new row to dimlocation
[2024-06-28T22:01:43.642+0000] {Table_creation.py:66} INFO - Data loaded successfully into table DimLocation With 265 Row
[2024-06-28T22:01:43.642+0000] {db_utils.py:30} INFO - PostgreSQL connection is closed
[2024-06-28T22:01:43.642+0000] {Load_Data.py:90} INFO - DimLocation dimension loaded successfully
[2024-06-28T22:01:43.643+0000] {db_utils.py:30} INFO - PostgreSQL connection is closed
[2024-06-28T22:01:43.643+0000] {Load_Data.py:98} INFO - loading DimRate Dimension ...
[2024-06-28T22:01:43.645+0000] {Table_creation.py:30} INFO - Loading data into table DimRate...
[2024-06-28T22:01:43.648+0000] {db_utils.py:21} INFO - Connected to PostgreSQL database successfully
[2024-06-28T22:01:43.655+0000] {Table_creation.py:45} INFO - Data loaded successfully into table DimRate With 6 Row
[2024-06-28T22:01:43.655+0000] {db_utils.py:30} INFO - PostgreSQL connection is closed
[2024-06-28T22:01:43.655+0000] {Load_Data.py:101} INFO - DimRate_df dimension loaded successfully
[2024-06-28T22:01:43.655+0000] {Load_Data.py:116} INFO - loading payment dimension....
[2024-06-28T22:01:43.657+0000] {Table_creation.py:30} INFO - Loading data into table DimPayment...
[2024-06-28T22:01:43.660+0000] {db_utils.py:21} INFO - Connected to PostgreSQL database successfully
[2024-06-28T22:01:43.666+0000] {Table_creation.py:45} INFO - Data loaded successfully into table DimPayment With 6 Row
[2024-06-28T22:01:43.667+0000] {db_utils.py:30} INFO - PostgreSQL connection is closed
[2024-06-28T22:01:43.667+0000] {Load_Data.py:119} INFO - payment_df dimension loaded successfully
[2024-06-28T22:01:43.667+0000] {Load_Data.py:11} INFO - loading Dimvendor Dimension ...
[2024-06-28T22:01:43.669+0000] {Table_creation.py:30} INFO - Loading data into table DimVendor...
[2024-06-28T22:01:43.672+0000] {db_utils.py:21} INFO - Connected to PostgreSQL database successfully
[2024-06-28T22:01:43.676+0000] {Table_creation.py:45} INFO - Data loaded successfully into table DimVendor With 2 Row
[2024-06-28T22:01:43.677+0000] {db_utils.py:30} INFO - PostgreSQL connection is closed
[2024-06-28T22:01:43.677+0000] {Load_Data.py:14} INFO - Dimvedor_df dimension loaded successfully
[2024-06-28T22:01:43.677+0000] {Load_Data.py:107} INFO - loading trip_type dimension....
[2024-06-28T22:01:43.679+0000] {Table_creation.py:30} INFO - Loading data into table DimTrip_type...
[2024-06-28T22:01:43.683+0000] {db_utils.py:21} INFO - Connected to PostgreSQL database successfully
[2024-06-28T22:01:43.689+0000] {Table_creation.py:45} INFO - Data loaded successfully into table DimTrip_type With 2 Row
[2024-06-28T22:01:43.689+0000] {db_utils.py:30} INFO - PostgreSQL connection is closed
[2024-06-28T22:01:43.689+0000] {Load_Data.py:110} INFO - trip_df dimension loaded successfully
[2024-06-28T22:01:43.689+0000] {Load_Data.py:125} INFO - loading fact table ....
[2024-06-28T22:01:47.319+0000] {Table_creation.py:30} INFO - Loading data into table Fact_Trip...
[2024-06-28T22:01:47.322+0000] {db_utils.py:21} INFO - Connected to PostgreSQL database successfully
[2024-06-28T22:04:29.952+0000] {Table_creation.py:45} INFO - Data loaded successfully into table Fact_Trip With 618792 Row
[2024-06-28T22:04:29.953+0000] {db_utils.py:30} INFO - PostgreSQL connection is closed
[2024-06-28T22:04:34.880+0000] {Load_Data.py:147} INFO - Fact_df  loaded successfully
[2024-06-28T22:04:34.905+0000] {NYC_Taxi_pipeline.py:61} INFO - data_delivery done
[2024-06-28T22:04:34.906+0000] {python.py:237} INFO - Done. Returned value was: None
[2024-06-28T22:04:34.906+0000] {taskinstance.py:441} INFO - ::group::Post task execution logs
[2024-06-28T22:04:34.916+0000] {taskinstance.py:1206} INFO - Marking task as SUCCESS. dag_id=NYC_Taxi_pipeline, task_id=data_delivery, run_id=manual__2024-06-28T22:01:39.355471+00:00, execution_date=20240628T220139, start_date=20240628T220143, end_date=20240628T220434
[2024-06-28T22:04:34.967+0000] {local_task_job_runner.py:240} INFO - Task exited with return code 0
[2024-06-28T22:04:34.984+0000] {taskinstance.py:3498} INFO - 0 downstream tasks scheduled from follow-on schedule check
[2024-06-28T22:04:34.986+0000] {local_task_job_runner.py:222} INFO - ::endgroup::
