[2024-06-28T17:31:11.765+0000] {local_task_job_runner.py:120} INFO - ::group::Pre task execution logs
[2024-06-28T17:31:11.787+0000] {taskinstance.py:2076} INFO - Dependencies all met for dep_context=non-requeueable deps ti=<TaskInstance: NYC_Taxi_pipeline.data_extraction manual__2024-06-28T17:31:09.812162+00:00 [queued]>
[2024-06-28T17:31:11.797+0000] {taskinstance.py:2076} INFO - Dependencies all met for dep_context=requeueable deps ti=<TaskInstance: NYC_Taxi_pipeline.data_extraction manual__2024-06-28T17:31:09.812162+00:00 [queued]>
[2024-06-28T17:31:11.798+0000] {taskinstance.py:2306} INFO - Starting attempt 1 of 1
[2024-06-28T17:31:11.811+0000] {taskinstance.py:2330} INFO - Executing <Task(PythonOperator): data_extraction> on 2024-06-28 17:31:09.812162+00:00
[2024-06-28T17:31:11.819+0000] {standard_task_runner.py:63} INFO - Started process 110 to run task
[2024-06-28T17:31:11.822+0000] {standard_task_runner.py:90} INFO - Running: ['***', 'tasks', 'run', 'NYC_Taxi_pipeline', 'data_extraction', 'manual__2024-06-28T17:31:09.812162+00:00', '--job-id', '46', '--raw', '--subdir', 'DAGS_FOLDER/NYC_Taxi_pipeline.py', '--cfg-path', '/tmp/tmp9mcpl0s_']
[2024-06-28T17:31:11.825+0000] {standard_task_runner.py:91} INFO - Job 46: Subtask data_extraction
[2024-06-28T17:31:11.868+0000] {task_command.py:426} INFO - Running <TaskInstance: NYC_Taxi_pipeline.data_extraction manual__2024-06-28T17:31:09.812162+00:00 [running]> on host 79a59ce16f65
[2024-06-28T17:31:12.124+0000] {taskinstance.py:2648} INFO - Exporting env vars: AIRFLOW_CTX_DAG_OWNER='Mahmoud' AIRFLOW_CTX_DAG_ID='NYC_Taxi_pipeline' AIRFLOW_CTX_TASK_ID='data_extraction' AIRFLOW_CTX_EXECUTION_DATE='2024-06-28T17:31:09.812162+00:00' AIRFLOW_CTX_TRY_NUMBER='1' AIRFLOW_CTX_DAG_RUN_ID='manual__2024-06-28T17:31:09.812162+00:00'
[2024-06-28T17:31:12.125+0000] {taskinstance.py:430} INFO - ::endgroup::
[2024-06-28T17:31:12.135+0000] {NYC_Taxi_pipeline.py:45} INFO - data_extraction started
[2024-06-28T17:31:12.135+0000] {Transfrom_data.py:8} INFO - start for transforming data ......
[2024-06-28T17:31:13.757+0000] {Transfrom_data.py:44} INFO - Storing of rejected_df completed successfully
[2024-06-28T17:31:18.608+0000] {Transfrom_data.py:50} INFO - Storing of valid_df completed successfully
[2024-06-28T17:31:18.608+0000] {Transfrom_data.py:52} INFO - Process of trip data completed successfully
[2024-06-28T17:31:18.659+0000] {NYC_Taxi_pipeline.py:47} INFO - data_extraction done
[2024-06-28T17:31:18.659+0000] {python.py:237} INFO - Done. Returned value was: None
[2024-06-28T17:31:18.660+0000] {taskinstance.py:441} INFO - ::group::Post task execution logs
[2024-06-28T17:31:18.667+0000] {taskinstance.py:1206} INFO - Marking task as SUCCESS. dag_id=NYC_Taxi_pipeline, task_id=data_extraction, run_id=manual__2024-06-28T17:31:09.812162+00:00, execution_date=20240628T173109, start_date=20240628T173111, end_date=20240628T173118
[2024-06-28T17:31:18.690+0000] {local_task_job_runner.py:240} INFO - Task exited with return code 0
[2024-06-28T17:31:18.707+0000] {taskinstance.py:3498} INFO - 1 downstream tasks scheduled from follow-on schedule check
[2024-06-28T17:31:18.708+0000] {local_task_job_runner.py:222} INFO - ::endgroup::
